

  PGS parameters 
 ----------------

 --> parameter set representing LHC       

  number of eta cells in calorimeter:        320
  number of phi cells in calorimeter:        200
           width of each cell in eta:      0.03141590
           width of each cell in phi:      0.03141590
       em calorimeter resolution (a):      0.01000000
       em calorimeter resolution (b):      0.20000000
       hadron calorimeter resolution:      0.80000000
              trigger MET resolution:      0.20000000
calorimeter cell edge crack fraction:      0.01000000
 jet finding algorithm (cone, ktjet): cone    
        cluster seed tower threshold:      5.00000000
    cluster shoulder tower threshold:      1.00000000
            cluster finder cone size:      0.50000000
        outer radius of tracking (m):      2.00000000
                  magnetic field (T):      4.00000000
              sagitta resolution (m):      0.00001300
                    track efficiency:      0.98000000
                    minimum track pt:      1.00000000
               tracking eta coverage:      3.00000000
                e/gamma eta coverage:      3.00000000
                   muon eta coverage:      2.40000000
                    tau eta coverage:      2.00000000





          ********************************************************
                  STDHEP version 5.04.01 -  Aug. 29, 2005          
          ********************************************************



 STDXROPEN: successfully opened input stream     1
          title:                                                  PYTHIA file
          date:                                     Sun Nov 16 19:25:40 2014

                                                                                
                       1000002 events
                             8 blocks per event




 ***************************************************************************
 *                         *****TAUOLA LIBRARY: VERSION 2.5 ******         *
 *                         ***********JUNE     1994***************         *
 *                         **AUTHORS: S.JADACH, Z.WAS*************         *
 *                         **R. DECKER, M. JEZABEK, J.H.KUEHN*****         *
 *                         **AVAILABLE FROM: WASM AT CERNVM ******         *
 *                         ***** PUBLISHED IN COMP. PHYS. COMM.***         *
 *                         *******CERN-TH-5856 SEPTEMBER 1990*****         *
 *                         *******CERN-TH-6195 SEPTEMBER 1991*****         *
 *                         *******CERN-TH-6793 NOVEMBER  1992*****         *
 *                         **5 or more pi dec.: precision limited          *
 *                         ******DEXAY ROUTINE: INITIALIZATION****         *
 *                   0     JAK1   = DECAY MODE FERMION1 (TAU+)             *
 *                   0     JAK2   = DECAY MODE FERMION2 (TAU-)             *
 ***************************************************************************


 ***************************************************************************

 _______________________________________________________________________________
 TAUOLA VERSION 2.1 PARAMETER SET           0
 _______________________________________________________________________________
 Printing end run statistics.
 GENP bank used for input.
 Mult. taus in event have same chirality.
 Taus polarized in W/Z rest frame.
 Helicity:    1.0000000    
 Lifetime:    295.60001     fs
 _______________________________________________________________________________
 STANDARD MODEL PARAMETERS
 Gfermi =               1.16639203E-05
 Gv =                    1.0000000    
 Ga =                   -1.0000000    
 Cos(Cabibbo_angle) =   0.97500002    
 Sin(Cabibbo_angle) =   0.22220472    
 Gamma_e =              4.04914356E-13
 1/alpha =               137.03598956100001     
 1/(alpha*pi) =         2.32281962719069982E-003
 xk0 =                  0.10000000149011612     
 _______________________________________________________________________________
 KAON/A1 DECAY PARAMETERS
 bra1  =  0.50000000    
 brk0  =  0.50000000    
 brk0b =  0.50000000    
 brks  =  0.66670001    
 _______________________________________________________________________________
 MASSES
 e     =  5.10998943E-04      nu_e  =   0.0000000    
 mu    =  0.10565837          nu_mu =   0.0000000    
 tau   =   1.7769901          nu_tau=  9.99999978E-03
 pi    =  0.13957018    
 pi0   =  0.13497660    
 rho   =  0.77579999          rho wid.=  0.15030000    
 A1    =   1.2300000          A1 wid. =  0.59899998    
 K     =  0.49367699    
 K0    =  0.49764800    
 K*    =  0.89165998          K* wid. =  5.07999994E-02
 _______________________________________________________________________________
 TAU BRANCHING RATIOS
 nchan =           22
 Tau --> e nu nu            1.0000000    
 Tau --> mu nu nu          0.97979999    
 Tau --> pi nu             0.64955997    
 Tau --> Rho (--> 2pi) nu   1.3990200    
 Tau --> A1 (--> 3pi) nu    1.0005500    
 Tau --> K nu              3.71199995E-02
 Tau --> K* nu             8.02399963E-02
 Tau --> 3pi pi0 nu        0.31222999    
 Tau --> pi 3pi0 nu         0.0000000    
 Tau --> 3pi 2pi0 nu        0.0000000    
 Tau --> 5pi nu             0.0000000    
 Tau --> 5pi pi0 nu         0.0000000    
 Tau --> 3pi 3pi0 nu        0.0000000    
 Tau --> 2K pi nu           0.0000000    
 Tau --> pi K0 K0bar nu     0.0000000    
 Tau --> K K0 pi0 nu        0.0000000    
 Tau --> K 2pi0 nu          0.0000000    
 Tau --> K 2pi nu           0.0000000    
 Tau --> pi K0bar pi0 nu    0.0000000    
 Tau --> eta pi pi0 nu      0.0000000    
 Tau --> pi pi0 gam nu      0.0000000    
 Tau --> K K0 nu            0.0000000    
 _______________________________________________________________________________
 Now at event number          10  of     1000002   (Triggered on:          10 )
 Now at event number          20  of     1000002   (Triggered on:          20 )
 Now at event number          30  of     1000002   (Triggered on:          30 )
 Now at event number          40  of     1000002   (Triggered on:          40 )
 Now at event number          50  of     1000002   (Triggered on:          50 )
 Now at event number          60  of     1000002   (Triggered on:          60 )
 Now at event number          70  of     1000002   (Triggered on:          70 )
 Now at event number          80  of     1000002   (Triggered on:          80 )
 Now at event number          90  of     1000002   (Triggered on:          90 )
 Now at event number         100  of     1000002   (Triggered on:         100 )
 Now at event number         200  of     1000002   (Triggered on:         200 )
 Now at event number         300  of     1000002   (Triggered on:         300 )
 Now at event number         400  of     1000002   (Triggered on:         400 )
 Now at event number         500  of     1000002   (Triggered on:         500 )
 Now at event number         600  of     1000002   (Triggered on:         600 )
 Now at event number         700  of     1000002   (Triggered on:         700 )
 Now at event number         800  of     1000002   (Triggered on:         800 )
 Now at event number         900  of     1000002   (Triggered on:         900 )
 Now at event number        1000  of     1000002   (Triggered on:        1000 )
 Now at event number        2000  of     1000002   (Triggered on:        2000 )
 Now at event number        3000  of     1000002   (Triggered on:        3000 )
 Now at event number        4000  of     1000002   (Triggered on:        4000 )
 Now at event number        5000  of     1000002   (Triggered on:        5000 )
 Now at event number        6000  of     1000002   (Triggered on:        6000 )
 Now at event number        7000  of     1000002   (Triggered on:        7000 )
 Now at event number        8000  of     1000002   (Triggered on:        8000 )
 Now at event number        9000  of     1000002   (Triggered on:        9000 )
 Now at event number       10000  of     1000002   (Triggered on:       10000 )
 Now at event number       11000  of     1000002   (Triggered on:       11000 )
 Now at event number       12000  of     1000002   (Triggered on:       12000 )
 Now at event number       13000  of     1000002   (Triggered on:       13000 )
 Now at event number       14000  of     1000002   (Triggered on:       14000 )
 Now at event number       15000  of     1000002   (Triggered on:       15000 )
 Now at event number       16000  of     1000002   (Triggered on:       16000 )
 Now at event number       17000  of     1000002   (Triggered on:       17000 )
 Now at event number       18000  of     1000002   (Triggered on:       18000 )
 Now at event number       19000  of     1000002   (Triggered on:       19000 )
 Now at event number       20000  of     1000002   (Triggered on:       20000 )
 Now at event number       21000  of     1000002   (Triggered on:       21000 )
 Now at event number       22000  of     1000002   (Triggered on:       22000 )
 Now at event number       23000  of     1000002   (Triggered on:       23000 )
 Now at event number       24000  of     1000002   (Triggered on:       24000 )
 Now at event number       25000  of     1000002   (Triggered on:       25000 )
 Now at event number       26000  of     1000002   (Triggered on:       26000 )
 Now at event number       27000  of     1000002   (Triggered on:       27000 )
 Now at event number       28000  of     1000002   (Triggered on:       28000 )
 Now at event number       29000  of     1000002   (Triggered on:       29000 )
 Now at event number       30000  of     1000002   (Triggered on:       30000 )
 Now at event number       31000  of     1000002   (Triggered on:       31000 )
 Now at event number       32000  of     1000002   (Triggered on:       32000 )
 Now at event number       33000  of     1000002   (Triggered on:       33000 )
 Now at event number       34000  of     1000002   (Triggered on:       34000 )
 Now at event number       35000  of     1000002   (Triggered on:       35000 )
 Now at event number       36000  of     1000002   (Triggered on:       36000 )
 Now at event number       37000  of     1000002   (Triggered on:       37000 )
 Now at event number       38000  of     1000002   (Triggered on:       38000 )
 Now at event number       39000  of     1000002   (Triggered on:       39000 )
 Now at event number       40000  of     1000002   (Triggered on:       40000 )
 Now at event number       41000  of     1000002   (Triggered on:       41000 )
 Now at event number       42000  of     1000002   (Triggered on:       42000 )
 Now at event number       43000  of     1000002   (Triggered on:       43000 )
 Now at event number       44000  of     1000002   (Triggered on:       44000 )
 Now at event number       45000  of     1000002   (Triggered on:       45000 )
 Now at event number       46000  of     1000002   (Triggered on:       46000 )
 Now at event number       47000  of     1000002   (Triggered on:       47000 )
 Now at event number       48000  of     1000002   (Triggered on:       48000 )
 Now at event number       49000  of     1000002   (Triggered on:       49000 )
 Now at event number       50000  of     1000002   (Triggered on:       50000 )
 Now at event number       51000  of     1000002   (Triggered on:       51000 )
 Now at event number       52000  of     1000002   (Triggered on:       52000 )
 Now at event number       53000  of     1000002   (Triggered on:       53000 )
 Now at event number       54000  of     1000002   (Triggered on:       54000 )
 Now at event number       55000  of     1000002   (Triggered on:       55000 )
 Now at event number       56000  of     1000002   (Triggered on:       56000 )
 Now at event number       57000  of     1000002   (Triggered on:       57000 )
 Now at event number       58000  of     1000002   (Triggered on:       58000 )
 Now at event number       59000  of     1000002   (Triggered on:       59000 )
 Now at event number       60000  of     1000002   (Triggered on:       60000 )
 Now at event number       61000  of     1000002   (Triggered on:       61000 )
 Now at event number       62000  of     1000002   (Triggered on:       62000 )
 Now at event number       63000  of     1000002   (Triggered on:       63000 )
 Now at event number       64000  of     1000002   (Triggered on:       64000 )
 Now at event number       65000  of     1000002   (Triggered on:       65000 )
 Now at event number       66000  of     1000002   (Triggered on:       66000 )
 Now at event number       67000  of     1000002   (Triggered on:       67000 )
 Now at event number       68000  of     1000002   (Triggered on:       68000 )
 Now at event number       69000  of     1000002   (Triggered on:       69000 )
 Now at event number       70000  of     1000002   (Triggered on:       70000 )
 Now at event number       71000  of     1000002   (Triggered on:       71000 )
 Now at event number       72000  of     1000002   (Triggered on:       72000 )
 Now at event number       73000  of     1000002   (Triggered on:       73000 )
 Now at event number       74000  of     1000002   (Triggered on:       74000 )
 Now at event number       75000  of     1000002   (Triggered on:       75000 )
 Now at event number       76000  of     1000002   (Triggered on:       76000 )
 Now at event number       77000  of     1000002   (Triggered on:       77000 )
 Now at event number       78000  of     1000002   (Triggered on:       78000 )
 Now at event number       79000  of     1000002   (Triggered on:       79000 )
 Now at event number       80000  of     1000002   (Triggered on:       80000 )
 Now at event number       81000  of     1000002   (Triggered on:       81000 )
 Now at event number       82000  of     1000002   (Triggered on:       82000 )
 Now at event number       83000  of     1000002   (Triggered on:       83000 )
 Now at event number       84000  of     1000002   (Triggered on:       84000 )
 Now at event number       85000  of     1000002   (Triggered on:       85000 )
 Now at event number       86000  of     1000002   (Triggered on:       86000 )
 Now at event number       87000  of     1000002   (Triggered on:       87000 )
 Now at event number       88000  of     1000002   (Triggered on:       88000 )
 Now at event number       89000  of     1000002   (Triggered on:       89000 )
 Now at event number       90000  of     1000002   (Triggered on:       90000 )
 Now at event number       91000  of     1000002   (Triggered on:       91000 )
 Now at event number       92000  of     1000002   (Triggered on:       92000 )
 Now at event number       93000  of     1000002   (Triggered on:       93000 )
 Now at event number       94000  of     1000002   (Triggered on:       94000 )
 Now at event number       95000  of     1000002   (Triggered on:       95000 )
 Now at event number       96000  of     1000002   (Triggered on:       96000 )
 Now at event number       97000  of     1000002   (Triggered on:       97000 )
 Now at event number       98000  of     1000002   (Triggered on:       98000 )
 Now at event number       99000  of     1000002   (Triggered on:       99000 )
 Now at event number      100000  of     1000002   (Triggered on:      100000 )
 Now at event number      101000  of     1000002   (Triggered on:      101000 )
 Now at event number      102000  of     1000002   (Triggered on:      102000 )
 Now at event number      103000  of     1000002   (Triggered on:      103000 )
 Now at event number      104000  of     1000002   (Triggered on:      104000 )
 Now at event number      105000  of     1000002   (Triggered on:      105000 )
 Now at event number      106000  of     1000002   (Triggered on:      106000 )
 Now at event number      107000  of     1000002   (Triggered on:      107000 )
 Now at event number      108000  of     1000002   (Triggered on:      108000 )
 Now at event number      109000  of     1000002   (Triggered on:      109000 )
 Now at event number      110000  of     1000002   (Triggered on:      110000 )
 Now at event number      111000  of     1000002   (Triggered on:      111000 )
 Now at event number      112000  of     1000002   (Triggered on:      112000 )
 Now at event number      113000  of     1000002   (Triggered on:      113000 )
 Now at event number      114000  of     1000002   (Triggered on:      114000 )
 Now at event number      115000  of     1000002   (Triggered on:      115000 )
 Now at event number      116000  of     1000002   (Triggered on:      116000 )
 Now at event number      117000  of     1000002   (Triggered on:      117000 )
 Now at event number      118000  of     1000002   (Triggered on:      118000 )
 Now at event number      119000  of     1000002   (Triggered on:      119000 )
 Now at event number      120000  of     1000002   (Triggered on:      120000 )
 Now at event number      121000  of     1000002   (Triggered on:      121000 )
 Now at event number      122000  of     1000002   (Triggered on:      122000 )
 Now at event number      123000  of     1000002   (Triggered on:      123000 )
 Now at event number      124000  of     1000002   (Triggered on:      124000 )
 Now at event number      125000  of     1000002   (Triggered on:      125000 )
 Now at event number      126000  of     1000002   (Triggered on:      126000 )
 Now at event number      127000  of     1000002   (Triggered on:      127000 )
 Now at event number      128000  of     1000002   (Triggered on:      128000 )
 Now at event number      129000  of     1000002   (Triggered on:      129000 )
 Now at event number      130000  of     1000002   (Triggered on:      130000 )
 Now at event number      131000  of     1000002   (Triggered on:      131000 )
 Now at event number      132000  of     1000002   (Triggered on:      132000 )
 Now at event number      133000  of     1000002   (Triggered on:      133000 )
 Now at event number      134000  of     1000002   (Triggered on:      134000 )
 Now at event number      135000  of     1000002   (Triggered on:      135000 )
 Now at event number      136000  of     1000002   (Triggered on:      136000 )
 Now at event number      137000  of     1000002   (Triggered on:      137000 )
 Now at event number      138000  of     1000002   (Triggered on:      138000 )
 Now at event number      139000  of     1000002   (Triggered on:      139000 )
 Now at event number      140000  of     1000002   (Triggered on:      140000 )
 Now at event number      141000  of     1000002   (Triggered on:      141000 )
 Now at event number      142000  of     1000002   (Triggered on:      142000 )
 Now at event number      143000  of     1000002   (Triggered on:      143000 )
 Now at event number      144000  of     1000002   (Triggered on:      144000 )
 Now at event number      145000  of     1000002   (Triggered on:      145000 )
 Now at event number      146000  of     1000002   (Triggered on:      146000 )
 Now at event number      147000  of     1000002   (Triggered on:      147000 )
 Now at event number      148000  of     1000002   (Triggered on:      148000 )
 Now at event number      149000  of     1000002   (Triggered on:      149000 )
 Now at event number      150000  of     1000002   (Triggered on:      150000 )
 Now at event number      151000  of     1000002   (Triggered on:      151000 )
 Now at event number      152000  of     1000002   (Triggered on:      152000 )
 Now at event number      153000  of     1000002   (Triggered on:      153000 )
 Now at event number      154000  of     1000002   (Triggered on:      154000 )
 Now at event number      155000  of     1000002   (Triggered on:      155000 )
 Now at event number      156000  of     1000002   (Triggered on:      156000 )
 Now at event number      157000  of     1000002   (Triggered on:      157000 )
 Now at event number      158000  of     1000002   (Triggered on:      158000 )
 Now at event number      159000  of     1000002   (Triggered on:      159000 )
 Now at event number      160000  of     1000002   (Triggered on:      160000 )
 Now at event number      161000  of     1000002   (Triggered on:      161000 )
 Now at event number      162000  of     1000002   (Triggered on:      162000 )
 Now at event number      163000  of     1000002   (Triggered on:      163000 )
 Now at event number      164000  of     1000002   (Triggered on:      164000 )
 Now at event number      165000  of     1000002   (Triggered on:      165000 )
 Now at event number      166000  of     1000002   (Triggered on:      166000 )
 Now at event number      167000  of     1000002   (Triggered on:      167000 )
 Now at event number      168000  of     1000002   (Triggered on:      168000 )
 Now at event number      169000  of     1000002   (Triggered on:      169000 )
 Now at event number      170000  of     1000002   (Triggered on:      170000 )
 Now at event number      171000  of     1000002   (Triggered on:      171000 )
 Now at event number      172000  of     1000002   (Triggered on:      172000 )
 Now at event number      173000  of     1000002   (Triggered on:      173000 )
 Now at event number      174000  of     1000002   (Triggered on:      174000 )
 Now at event number      175000  of     1000002   (Triggered on:      175000 )
 Now at event number      176000  of     1000002   (Triggered on:      176000 )
 Now at event number      177000  of     1000002   (Triggered on:      177000 )
 Now at event number      178000  of     1000002   (Triggered on:      178000 )
 Now at event number      179000  of     1000002   (Triggered on:      179000 )
 Now at event number      180000  of     1000002   (Triggered on:      180000 )
 Now at event number      181000  of     1000002   (Triggered on:      181000 )
 Now at event number      182000  of     1000002   (Triggered on:      182000 )
 Now at event number      183000  of     1000002   (Triggered on:      183000 )
 Now at event number      184000  of     1000002   (Triggered on:      184000 )
 Now at event number      185000  of     1000002   (Triggered on:      185000 )
 Now at event number      186000  of     1000002   (Triggered on:      186000 )
 Now at event number      187000  of     1000002   (Triggered on:      187000 )
 Now at event number      188000  of     1000002   (Triggered on:      188000 )
 Now at event number      189000  of     1000002   (Triggered on:      189000 )
 Now at event number      190000  of     1000002   (Triggered on:      190000 )
 Now at event number      191000  of     1000002   (Triggered on:      191000 )
 Now at event number      192000  of     1000002   (Triggered on:      192000 )
 Now at event number      193000  of     1000002   (Triggered on:      193000 )
 Now at event number      194000  of     1000002   (Triggered on:      194000 )
 Now at event number      195000  of     1000002   (Triggered on:      195000 )
 Now at event number      196000  of     1000002   (Triggered on:      196000 )
 Now at event number      197000  of     1000002   (Triggered on:      197000 )
 Now at event number      198000  of     1000002   (Triggered on:      198000 )
 Now at event number      199000  of     1000002   (Triggered on:      199000 )
 Now at event number      200000  of     1000002   (Triggered on:      200000 )
 Now at event number      201000  of     1000002   (Triggered on:      201000 )
 Now at event number      202000  of     1000002   (Triggered on:      202000 )
 Now at event number      203000  of     1000002   (Triggered on:      203000 )
 Now at event number      204000  of     1000002   (Triggered on:      204000 )
 Now at event number      205000  of     1000002   (Triggered on:      205000 )
 Now at event number      206000  of     1000002   (Triggered on:      206000 )
 Now at event number      207000  of     1000002   (Triggered on:      207000 )
 Now at event number      208000  of     1000002   (Triggered on:      208000 )
 Now at event number      209000  of     1000002   (Triggered on:      209000 )
 Now at event number      210000  of     1000002   (Triggered on:      210000 )
 Now at event number      211000  of     1000002   (Triggered on:      211000 )
 Now at event number      212000  of     1000002   (Triggered on:      212000 )
 Now at event number      213000  of     1000002   (Triggered on:      213000 )
 Now at event number      214000  of     1000002   (Triggered on:      214000 )
 Now at event number      215000  of     1000002   (Triggered on:      215000 )
 Now at event number      216000  of     1000002   (Triggered on:      216000 )
 Now at event number      217000  of     1000002   (Triggered on:      217000 )
 Now at event number      218000  of     1000002   (Triggered on:      218000 )
 Now at event number      219000  of     1000002   (Triggered on:      219000 )
 Now at event number      220000  of     1000002   (Triggered on:      220000 )
 Now at event number      221000  of     1000002   (Triggered on:      221000 )
 Now at event number      222000  of     1000002   (Triggered on:      222000 )
 Now at event number      223000  of     1000002   (Triggered on:      223000 )
 Now at event number      224000  of     1000002   (Triggered on:      224000 )
 Now at event number      225000  of     1000002   (Triggered on:      225000 )
 Now at event number      226000  of     1000002   (Triggered on:      226000 )
 Now at event number      227000  of     1000002   (Triggered on:      227000 )
 Now at event number      228000  of     1000002   (Triggered on:      228000 )
 Now at event number      229000  of     1000002   (Triggered on:      229000 )
 Now at event number      230000  of     1000002   (Triggered on:      230000 )
 Now at event number      231000  of     1000002   (Triggered on:      231000 )
 Now at event number      232000  of     1000002   (Triggered on:      232000 )
 Now at event number      233000  of     1000002   (Triggered on:      233000 )
 Now at event number      234000  of     1000002   (Triggered on:      234000 )
 Now at event number      235000  of     1000002   (Triggered on:      235000 )
 Now at event number      236000  of     1000002   (Triggered on:      236000 )
 Now at event number      237000  of     1000002   (Triggered on:      237000 )
 Now at event number      238000  of     1000002   (Triggered on:      238000 )
 Now at event number      239000  of     1000002   (Triggered on:      239000 )
 Now at event number      240000  of     1000002   (Triggered on:      240000 )
 Now at event number      241000  of     1000002   (Triggered on:      241000 )
 Now at event number      242000  of     1000002   (Triggered on:      242000 )
 Now at event number      243000  of     1000002   (Triggered on:      243000 )
 Now at event number      244000  of     1000002   (Triggered on:      244000 )
 Now at event number      245000  of     1000002   (Triggered on:      245000 )
 Now at event number      246000  of     1000002   (Triggered on:      246000 )
 Now at event number      247000  of     1000002   (Triggered on:      247000 )
 Now at event number      248000  of     1000002   (Triggered on:      248000 )
 Now at event number      249000  of     1000002   (Triggered on:      249000 )
 Now at event number      250000  of     1000002   (Triggered on:      250000 )
 Now at event number      251000  of     1000002   (Triggered on:      251000 )
 Now at event number      252000  of     1000002   (Triggered on:      252000 )
 Now at event number      253000  of     1000002   (Triggered on:      253000 )
 Now at event number      254000  of     1000002   (Triggered on:      254000 )
 Now at event number      255000  of     1000002   (Triggered on:      255000 )
 Now at event number      256000  of     1000002   (Triggered on:      256000 )
 Now at event number      257000  of     1000002   (Triggered on:      257000 )
 Now at event number      258000  of     1000002   (Triggered on:      258000 )
 Now at event number      259000  of     1000002   (Triggered on:      259000 )
 Now at event number      260000  of     1000002   (Triggered on:      260000 )
 Now at event number      261000  of     1000002   (Triggered on:      261000 )
 Now at event number      262000  of     1000002   (Triggered on:      262000 )
 Now at event number      263000  of     1000002   (Triggered on:      263000 )
 Now at event number      264000  of     1000002   (Triggered on:      264000 )
 Now at event number      265000  of     1000002   (Triggered on:      265000 )
 Now at event number      266000  of     1000002   (Triggered on:      266000 )
 Now at event number      267000  of     1000002   (Triggered on:      267000 )
 Now at event number      268000  of     1000002   (Triggered on:      268000 )
 Now at event number      269000  of     1000002   (Triggered on:      269000 )
 Now at event number      270000  of     1000002   (Triggered on:      270000 )
 Now at event number      271000  of     1000002   (Triggered on:      271000 )
 Now at event number      272000  of     1000002   (Triggered on:      272000 )
 Now at event number      273000  of     1000002   (Triggered on:      273000 )
 Now at event number      274000  of     1000002   (Triggered on:      274000 )
 Now at event number      275000  of     1000002   (Triggered on:      275000 )
 Now at event number      276000  of     1000002   (Triggered on:      276000 )
 Now at event number      277000  of     1000002   (Triggered on:      277000 )
 Now at event number      278000  of     1000002   (Triggered on:      278000 )
 Now at event number      279000  of     1000002   (Triggered on:      279000 )
 Now at event number      280000  of     1000002   (Triggered on:      280000 )
 Now at event number      281000  of     1000002   (Triggered on:      281000 )
 Now at event number      282000  of     1000002   (Triggered on:      282000 )
 Now at event number      283000  of     1000002   (Triggered on:      283000 )
 Now at event number      284000  of     1000002   (Triggered on:      284000 )
 Now at event number      285000  of     1000002   (Triggered on:      285000 )
 Now at event number      286000  of     1000002   (Triggered on:      286000 )
 Now at event number      287000  of     1000002   (Triggered on:      287000 )
 Now at event number      288000  of     1000002   (Triggered on:      288000 )
 Now at event number      289000  of     1000002   (Triggered on:      289000 )
 Now at event number      290000  of     1000002   (Triggered on:      290000 )
 Now at event number      291000  of     1000002   (Triggered on:      291000 )
 Now at event number      292000  of     1000002   (Triggered on:      292000 )
 Now at event number      293000  of     1000002   (Triggered on:      293000 )
 Now at event number      294000  of     1000002   (Triggered on:      294000 )
 Now at event number      295000  of     1000002   (Triggered on:      295000 )
 Now at event number      296000  of     1000002   (Triggered on:      296000 )
 Now at event number      297000  of     1000002   (Triggered on:      297000 )
 Now at event number      298000  of     1000002   (Triggered on:      298000 )
 Now at event number      299000  of     1000002   (Triggered on:      299000 )
 Now at event number      300000  of     1000002   (Triggered on:      300000 )
 Now at event number      301000  of     1000002   (Triggered on:      301000 )
 Now at event number      302000  of     1000002   (Triggered on:      302000 )
 Now at event number      303000  of     1000002   (Triggered on:      303000 )
 Now at event number      304000  of     1000002   (Triggered on:      304000 )
 Now at event number      305000  of     1000002   (Triggered on:      305000 )
 Now at event number      306000  of     1000002   (Triggered on:      306000 )
 Now at event number      307000  of     1000002   (Triggered on:      307000 )
 Now at event number      308000  of     1000002   (Triggered on:      308000 )
 Now at event number      309000  of     1000002   (Triggered on:      309000 )
 Now at event number      310000  of     1000002   (Triggered on:      310000 )
 Now at event number      311000  of     1000002   (Triggered on:      311000 )
 Now at event number      312000  of     1000002   (Triggered on:      312000 )
 Now at event number      313000  of     1000002   (Triggered on:      313000 )
 Now at event number      314000  of     1000002   (Triggered on:      314000 )
 Now at event number      315000  of     1000002   (Triggered on:      315000 )
 Now at event number      316000  of     1000002   (Triggered on:      316000 )
 Now at event number      317000  of     1000002   (Triggered on:      317000 )
 Now at event number      318000  of     1000002   (Triggered on:      318000 )
 Now at event number      319000  of     1000002   (Triggered on:      319000 )
 Now at event number      320000  of     1000002   (Triggered on:      320000 )
 Now at event number      321000  of     1000002   (Triggered on:      321000 )
 Now at event number      322000  of     1000002   (Triggered on:      322000 )
 Now at event number      323000  of     1000002   (Triggered on:      323000 )
 Now at event number      324000  of     1000002   (Triggered on:      324000 )
 Now at event number      325000  of     1000002   (Triggered on:      325000 )
 Now at event number      326000  of     1000002   (Triggered on:      326000 )
 Now at event number      327000  of     1000002   (Triggered on:      327000 )
 Now at event number      328000  of     1000002   (Triggered on:      328000 )
 Now at event number      329000  of     1000002   (Triggered on:      329000 )
 Now at event number      330000  of     1000002   (Triggered on:      330000 )
 Now at event number      331000  of     1000002   (Triggered on:      331000 )
 Now at event number      332000  of     1000002   (Triggered on:      332000 )
 Now at event number      333000  of     1000002   (Triggered on:      333000 )
 Now at event number      334000  of     1000002   (Triggered on:      334000 )
 Now at event number      335000  of     1000002   (Triggered on:      335000 )
 Now at event number      336000  of     1000002   (Triggered on:      336000 )
 Now at event number      337000  of     1000002   (Triggered on:      337000 )
 Now at event number      338000  of     1000002   (Triggered on:      338000 )
 Now at event number      339000  of     1000002   (Triggered on:      339000 )
 Now at event number      340000  of     1000002   (Triggered on:      340000 )
 Now at event number      341000  of     1000002   (Triggered on:      341000 )
 Now at event number      342000  of     1000002   (Triggered on:      342000 )
 Now at event number      343000  of     1000002   (Triggered on:      343000 )
 Now at event number      344000  of     1000002   (Triggered on:      344000 )
 Now at event number      345000  of     1000002   (Triggered on:      345000 )
 Now at event number      346000  of     1000002   (Triggered on:      346000 )
 Now at event number      347000  of     1000002   (Triggered on:      347000 )
 Now at event number      348000  of     1000002   (Triggered on:      348000 )
 Now at event number      349000  of     1000002   (Triggered on:      349000 )
 Now at event number      350000  of     1000002   (Triggered on:      350000 )
 Now at event number      351000  of     1000002   (Triggered on:      351000 )
 Now at event number      352000  of     1000002   (Triggered on:      352000 )
 Now at event number      353000  of     1000002   (Triggered on:      353000 )
 Now at event number      354000  of     1000002   (Triggered on:      354000 )
 Now at event number      355000  of     1000002   (Triggered on:      355000 )
 Now at event number      356000  of     1000002   (Triggered on:      356000 )
 Now at event number      357000  of     1000002   (Triggered on:      357000 )
 Now at event number      358000  of     1000002   (Triggered on:      358000 )
 Now at event number      359000  of     1000002   (Triggered on:      359000 )
 Now at event number      360000  of     1000002   (Triggered on:      360000 )
 Now at event number      361000  of     1000002   (Triggered on:      361000 )
 Now at event number      362000  of     1000002   (Triggered on:      362000 )
 Now at event number      363000  of     1000002   (Triggered on:      363000 )
 Now at event number      364000  of     1000002   (Triggered on:      364000 )
 Now at event number      365000  of     1000002   (Triggered on:      365000 )
 Now at event number      366000  of     1000002   (Triggered on:      366000 )
 Now at event number      367000  of     1000002   (Triggered on:      367000 )
 Now at event number      368000  of     1000002   (Triggered on:      368000 )
 Now at event number      369000  of     1000002   (Triggered on:      369000 )
 Now at event number      370000  of     1000002   (Triggered on:      370000 )
 Now at event number      371000  of     1000002   (Triggered on:      371000 )
 Now at event number      372000  of     1000002   (Triggered on:      372000 )
 Now at event number      373000  of     1000002   (Triggered on:      373000 )
 Now at event number      374000  of     1000002   (Triggered on:      374000 )
 Now at event number      375000  of     1000002   (Triggered on:      375000 )
 Now at event number      376000  of     1000002   (Triggered on:      376000 )
 Now at event number      377000  of     1000002   (Triggered on:      377000 )
 Now at event number      378000  of     1000002   (Triggered on:      378000 )
 Now at event number      379000  of     1000002   (Triggered on:      379000 )
 Now at event number      380000  of     1000002   (Triggered on:      380000 )
 Now at event number      381000  of     1000002   (Triggered on:      381000 )
 Now at event number      382000  of     1000002   (Triggered on:      382000 )
 Now at event number      383000  of     1000002   (Triggered on:      383000 )
 Now at event number      384000  of     1000002   (Triggered on:      384000 )
 Now at event number      385000  of     1000002   (Triggered on:      385000 )
 Now at event number      386000  of     1000002   (Triggered on:      386000 )
 Now at event number      387000  of     1000002   (Triggered on:      387000 )
 Now at event number      388000  of     1000002   (Triggered on:      388000 )
 Now at event number      389000  of     1000002   (Triggered on:      389000 )
 Now at event number      390000  of     1000002   (Triggered on:      390000 )
 Now at event number      391000  of     1000002   (Triggered on:      391000 )
 Now at event number      392000  of     1000002   (Triggered on:      392000 )
 Now at event number      393000  of     1000002   (Triggered on:      393000 )
 Now at event number      394000  of     1000002   (Triggered on:      394000 )
 Now at event number      395000  of     1000002   (Triggered on:      395000 )
 Now at event number      396000  of     1000002   (Triggered on:      396000 )
 Now at event number      397000  of     1000002   (Triggered on:      397000 )
 Now at event number      398000  of     1000002   (Triggered on:      398000 )
 Now at event number      399000  of     1000002   (Triggered on:      399000 )
 Now at event number      400000  of     1000002   (Triggered on:      400000 )
 Now at event number      401000  of     1000002   (Triggered on:      401000 )
 Now at event number      402000  of     1000002   (Triggered on:      402000 )
 Now at event number      403000  of     1000002   (Triggered on:      403000 )
 Now at event number      404000  of     1000002   (Triggered on:      404000 )
 Now at event number      405000  of     1000002   (Triggered on:      405000 )
 Now at event number      406000  of     1000002   (Triggered on:      406000 )
 Now at event number      407000  of     1000002   (Triggered on:      407000 )
 Now at event number      408000  of     1000002   (Triggered on:      408000 )
 Now at event number      409000  of     1000002   (Triggered on:      409000 )
 Now at event number      410000  of     1000002   (Triggered on:      410000 )
 Now at event number      411000  of     1000002   (Triggered on:      411000 )
 Now at event number      412000  of     1000002   (Triggered on:      412000 )
 Now at event number      413000  of     1000002   (Triggered on:      413000 )
 Now at event number      414000  of     1000002   (Triggered on:      414000 )
 Now at event number      415000  of     1000002   (Triggered on:      415000 )
 Now at event number      416000  of     1000002   (Triggered on:      416000 )
 Now at event number      417000  of     1000002   (Triggered on:      417000 )
 Now at event number      418000  of     1000002   (Triggered on:      418000 )
 Now at event number      419000  of     1000002   (Triggered on:      419000 )
 Now at event number      420000  of     1000002   (Triggered on:      420000 )
 Now at event number      421000  of     1000002   (Triggered on:      421000 )
 Now at event number      422000  of     1000002   (Triggered on:      422000 )
 Now at event number      423000  of     1000002   (Triggered on:      423000 )
 Now at event number      424000  of     1000002   (Triggered on:      424000 )
 Now at event number      425000  of     1000002   (Triggered on:      425000 )
 Now at event number      426000  of     1000002   (Triggered on:      426000 )
 Now at event number      427000  of     1000002   (Triggered on:      427000 )
 Now at event number      428000  of     1000002   (Triggered on:      428000 )
 Now at event number      429000  of     1000002   (Triggered on:      429000 )
 Now at event number      430000  of     1000002   (Triggered on:      430000 )
 Now at event number      431000  of     1000002   (Triggered on:      431000 )
 Now at event number      432000  of     1000002   (Triggered on:      432000 )
 Now at event number      433000  of     1000002   (Triggered on:      433000 )
 Now at event number      434000  of     1000002   (Triggered on:      434000 )
 Now at event number      435000  of     1000002   (Triggered on:      435000 )
 Now at event number      436000  of     1000002   (Triggered on:      436000 )
 Now at event number      437000  of     1000002   (Triggered on:      437000 )
 Now at event number      438000  of     1000002   (Triggered on:      438000 )
 Now at event number      439000  of     1000002   (Triggered on:      439000 )
 Now at event number      440000  of     1000002   (Triggered on:      440000 )
 Now at event number      441000  of     1000002   (Triggered on:      441000 )
 Now at event number      442000  of     1000002   (Triggered on:      442000 )
 Now at event number      443000  of     1000002   (Triggered on:      443000 )
 Now at event number      444000  of     1000002   (Triggered on:      444000 )
 Now at event number      445000  of     1000002   (Triggered on:      445000 )
 Now at event number      446000  of     1000002   (Triggered on:      446000 )
 Now at event number      447000  of     1000002   (Triggered on:      447000 )
 Now at event number      448000  of     1000002   (Triggered on:      448000 )
 Now at event number      449000  of     1000002   (Triggered on:      449000 )
 Now at event number      450000  of     1000002   (Triggered on:      450000 )
 Now at event number      451000  of     1000002   (Triggered on:      451000 )
 Now at event number      452000  of     1000002   (Triggered on:      452000 )
 Now at event number      453000  of     1000002   (Triggered on:      453000 )
 Now at event number      454000  of     1000002   (Triggered on:      454000 )
 Now at event number      455000  of     1000002   (Triggered on:      455000 )
 Now at event number      456000  of     1000002   (Triggered on:      456000 )
 Now at event number      457000  of     1000002   (Triggered on:      457000 )
 Now at event number      458000  of     1000002   (Triggered on:      458000 )
 Now at event number      459000  of     1000002   (Triggered on:      459000 )
 Now at event number      460000  of     1000002   (Triggered on:      460000 )
 Now at event number      461000  of     1000002   (Triggered on:      461000 )
 Now at event number      462000  of     1000002   (Triggered on:      462000 )
 Now at event number      463000  of     1000002   (Triggered on:      463000 )
 Now at event number      464000  of     1000002   (Triggered on:      464000 )
 Now at event number      465000  of     1000002   (Triggered on:      465000 )
 Now at event number      466000  of     1000002   (Triggered on:      466000 )
 Now at event number      467000  of     1000002   (Triggered on:      467000 )
 Now at event number      468000  of     1000002   (Triggered on:      468000 )
 Now at event number      469000  of     1000002   (Triggered on:      469000 )
 Now at event number      470000  of     1000002   (Triggered on:      470000 )
 Now at event number      471000  of     1000002   (Triggered on:      471000 )
 Now at event number      472000  of     1000002   (Triggered on:      472000 )
 Now at event number      473000  of     1000002   (Triggered on:      473000 )
 Now at event number      474000  of     1000002   (Triggered on:      474000 )
 Now at event number      475000  of     1000002   (Triggered on:      475000 )
 Now at event number      476000  of     1000002   (Triggered on:      476000 )
 Now at event number      477000  of     1000002   (Triggered on:      477000 )
 Now at event number      478000  of     1000002   (Triggered on:      478000 )
 Now at event number      479000  of     1000002   (Triggered on:      479000 )
 Now at event number      480000  of     1000002   (Triggered on:      480000 )
 Now at event number      481000  of     1000002   (Triggered on:      481000 )
 Now at event number      482000  of     1000002   (Triggered on:      482000 )
 Now at event number      483000  of     1000002   (Triggered on:      483000 )
 Now at event number      484000  of     1000002   (Triggered on:      484000 )
 Now at event number      485000  of     1000002   (Triggered on:      485000 )
 Now at event number      486000  of     1000002   (Triggered on:      486000 )
 Now at event number      487000  of     1000002   (Triggered on:      487000 )
 Now at event number      488000  of     1000002   (Triggered on:      488000 )
 Now at event number      489000  of     1000002   (Triggered on:      489000 )
 Now at event number      490000  of     1000002   (Triggered on:      490000 )
 Now at event number      491000  of     1000002   (Triggered on:      491000 )
 Now at event number      492000  of     1000002   (Triggered on:      492000 )
 Now at event number      493000  of     1000002   (Triggered on:      493000 )
 Now at event number      494000  of     1000002   (Triggered on:      494000 )
 Now at event number      495000  of     1000002   (Triggered on:      495000 )
 Now at event number      496000  of     1000002   (Triggered on:      496000 )
 Now at event number      497000  of     1000002   (Triggered on:      497000 )
 Now at event number      498000  of     1000002   (Triggered on:      498000 )
 Now at event number      499000  of     1000002   (Triggered on:      499000 )
 Now at event number      500000  of     1000002   (Triggered on:      500000 )
 Now at event number      501000  of     1000002   (Triggered on:      501000 )
 Now at event number      502000  of     1000002   (Triggered on:      502000 )
 Now at event number      503000  of     1000002   (Triggered on:      503000 )
 Now at event number      504000  of     1000002   (Triggered on:      504000 )
 Now at event number      505000  of     1000002   (Triggered on:      505000 )
 Now at event number      506000  of     1000002   (Triggered on:      506000 )
 Now at event number      507000  of     1000002   (Triggered on:      507000 )
 Now at event number      508000  of     1000002   (Triggered on:      508000 )
 Now at event number      509000  of     1000002   (Triggered on:      509000 )
 Now at event number      510000  of     1000002   (Triggered on:      510000 )
 Now at event number      511000  of     1000002   (Triggered on:      511000 )
 Now at event number      512000  of     1000002   (Triggered on:      512000 )
 Now at event number      513000  of     1000002   (Triggered on:      513000 )
 Now at event number      514000  of     1000002   (Triggered on:      514000 )
 Now at event number      515000  of     1000002   (Triggered on:      515000 )
 Now at event number      516000  of     1000002   (Triggered on:      516000 )
 Now at event number      517000  of     1000002   (Triggered on:      517000 )
 Now at event number      518000  of     1000002   (Triggered on:      518000 )
 Now at event number      519000  of     1000002   (Triggered on:      519000 )
 Now at event number      520000  of     1000002   (Triggered on:      520000 )
 Now at event number      521000  of     1000002   (Triggered on:      521000 )
 Now at event number      522000  of     1000002   (Triggered on:      522000 )
 Now at event number      523000  of     1000002   (Triggered on:      523000 )
 Now at event number      524000  of     1000002   (Triggered on:      524000 )
 Now at event number      525000  of     1000002   (Triggered on:      525000 )
 Now at event number      526000  of     1000002   (Triggered on:      526000 )
 Now at event number      527000  of     1000002   (Triggered on:      527000 )
 Now at event number      528000  of     1000002   (Triggered on:      528000 )
 Now at event number      529000  of     1000002   (Triggered on:      529000 )
 Now at event number      530000  of     1000002   (Triggered on:      530000 )
 Now at event number      531000  of     1000002   (Triggered on:      531000 )
 Now at event number      532000  of     1000002   (Triggered on:      532000 )
 Now at event number      533000  of     1000002   (Triggered on:      533000 )
 Now at event number      534000  of     1000002   (Triggered on:      534000 )
 Now at event number      535000  of     1000002   (Triggered on:      535000 )
 Now at event number      536000  of     1000002   (Triggered on:      536000 )
 Now at event number      537000  of     1000002   (Triggered on:      537000 )
 Now at event number      538000  of     1000002   (Triggered on:      538000 )
 Now at event number      539000  of     1000002   (Triggered on:      539000 )
 Now at event number      540000  of     1000002   (Triggered on:      540000 )
 Now at event number      541000  of     1000002   (Triggered on:      541000 )
 Now at event number      542000  of     1000002   (Triggered on:      542000 )
 Now at event number      543000  of     1000002   (Triggered on:      543000 )
 Now at event number      544000  of     1000002   (Triggered on:      544000 )
 Now at event number      545000  of     1000002   (Triggered on:      545000 )
 Now at event number      546000  of     1000002   (Triggered on:      546000 )
 Now at event number      547000  of     1000002   (Triggered on:      547000 )
 Now at event number      548000  of     1000002   (Triggered on:      548000 )
 Now at event number      549000  of     1000002   (Triggered on:      549000 )
 Now at event number      550000  of     1000002   (Triggered on:      550000 )
 Now at event number      551000  of     1000002   (Triggered on:      551000 )
 Now at event number      552000  of     1000002   (Triggered on:      552000 )
 Now at event number      553000  of     1000002   (Triggered on:      553000 )
 Now at event number      554000  of     1000002   (Triggered on:      554000 )
 Now at event number      555000  of     1000002   (Triggered on:      555000 )
 Now at event number      556000  of     1000002   (Triggered on:      556000 )
 Now at event number      557000  of     1000002   (Triggered on:      557000 )
 Now at event number      558000  of     1000002   (Triggered on:      558000 )
 Now at event number      559000  of     1000002   (Triggered on:      559000 )
 Now at event number      560000  of     1000002   (Triggered on:      560000 )
 Now at event number      561000  of     1000002   (Triggered on:      561000 )
 Now at event number      562000  of     1000002   (Triggered on:      562000 )
 Now at event number      563000  of     1000002   (Triggered on:      563000 )
 Now at event number      564000  of     1000002   (Triggered on:      564000 )
 Now at event number      565000  of     1000002   (Triggered on:      565000 )
 Now at event number      566000  of     1000002   (Triggered on:      566000 )
 Now at event number      567000  of     1000002   (Triggered on:      567000 )
 Now at event number      568000  of     1000002   (Triggered on:      568000 )
 Now at event number      569000  of     1000002   (Triggered on:      569000 )
 Now at event number      570000  of     1000002   (Triggered on:      570000 )
 Now at event number      571000  of     1000002   (Triggered on:      571000 )
 Now at event number      572000  of     1000002   (Triggered on:      572000 )
 Now at event number      573000  of     1000002   (Triggered on:      573000 )
 Now at event number      574000  of     1000002   (Triggered on:      574000 )
 Now at event number      575000  of     1000002   (Triggered on:      575000 )
 Now at event number      576000  of     1000002   (Triggered on:      576000 )
 Now at event number      577000  of     1000002   (Triggered on:      577000 )
 Now at event number      578000  of     1000002   (Triggered on:      578000 )
 Now at event number      579000  of     1000002   (Triggered on:      579000 )
 Now at event number      580000  of     1000002   (Triggered on:      580000 )
 Now at event number      581000  of     1000002   (Triggered on:      581000 )
 Now at event number      582000  of     1000002   (Triggered on:      582000 )
 Now at event number      583000  of     1000002   (Triggered on:      583000 )
 Now at event number      584000  of     1000002   (Triggered on:      584000 )
 Now at event number      585000  of     1000002   (Triggered on:      585000 )
 Now at event number      586000  of     1000002   (Triggered on:      586000 )
 Now at event number      587000  of     1000002   (Triggered on:      587000 )
 Now at event number      588000  of     1000002   (Triggered on:      588000 )
 Now at event number      589000  of     1000002   (Triggered on:      589000 )
 Now at event number      590000  of     1000002   (Triggered on:      590000 )
 Now at event number      591000  of     1000002   (Triggered on:      591000 )
 Now at event number      592000  of     1000002   (Triggered on:      592000 )
 Now at event number      593000  of     1000002   (Triggered on:      593000 )
 Now at event number      594000  of     1000002   (Triggered on:      594000 )
 Now at event number      595000  of     1000002   (Triggered on:      595000 )
 Now at event number      596000  of     1000002   (Triggered on:      596000 )
 Now at event number      597000  of     1000002   (Triggered on:      597000 )
 Now at event number      598000  of     1000002   (Triggered on:      598000 )
 Now at event number      599000  of     1000002   (Triggered on:      599000 )
 Now at event number      600000  of     1000002   (Triggered on:      600000 )
 Now at event number      601000  of     1000002   (Triggered on:      601000 )
 Now at event number      602000  of     1000002   (Triggered on:      602000 )
 Now at event number      603000  of     1000002   (Triggered on:      603000 )
 Now at event number      604000  of     1000002   (Triggered on:      604000 )
 Now at event number      605000  of     1000002   (Triggered on:      605000 )
 Now at event number      606000  of     1000002   (Triggered on:      606000 )
 Now at event number      607000  of     1000002   (Triggered on:      607000 )
 Now at event number      608000  of     1000002   (Triggered on:      608000 )
 Now at event number      609000  of     1000002   (Triggered on:      609000 )
 Now at event number      610000  of     1000002   (Triggered on:      610000 )
 Now at event number      611000  of     1000002   (Triggered on:      611000 )
 Now at event number      612000  of     1000002   (Triggered on:      612000 )
 Now at event number      613000  of     1000002   (Triggered on:      613000 )
 Now at event number      614000  of     1000002   (Triggered on:      614000 )
 Now at event number      615000  of     1000002   (Triggered on:      615000 )
 Now at event number      616000  of     1000002   (Triggered on:      616000 )
 Now at event number      617000  of     1000002   (Triggered on:      617000 )
 Now at event number      618000  of     1000002   (Triggered on:      618000 )
 Now at event number      619000  of     1000002   (Triggered on:      619000 )
 Now at event number      620000  of     1000002   (Triggered on:      620000 )
 Now at event number      621000  of     1000002   (Triggered on:      621000 )
 Now at event number      622000  of     1000002   (Triggered on:      622000 )
 Now at event number      623000  of     1000002   (Triggered on:      623000 )
 Now at event number      624000  of     1000002   (Triggered on:      624000 )
 Now at event number      625000  of     1000002   (Triggered on:      625000 )
 Now at event number      626000  of     1000002   (Triggered on:      626000 )
 Now at event number      627000  of     1000002   (Triggered on:      627000 )
 Now at event number      628000  of     1000002   (Triggered on:      628000 )
 Now at event number      629000  of     1000002   (Triggered on:      629000 )
 Now at event number      630000  of     1000002   (Triggered on:      630000 )
 Now at event number      631000  of     1000002   (Triggered on:      631000 )
 Now at event number      632000  of     1000002   (Triggered on:      632000 )
 Now at event number      633000  of     1000002   (Triggered on:      633000 )
 Now at event number      634000  of     1000002   (Triggered on:      634000 )
 Now at event number      635000  of     1000002   (Triggered on:      635000 )
 Now at event number      636000  of     1000002   (Triggered on:      636000 )
 Now at event number      637000  of     1000002   (Triggered on:      637000 )
 Now at event number      638000  of     1000002   (Triggered on:      638000 )
 Now at event number      639000  of     1000002   (Triggered on:      639000 )
 Now at event number      640000  of     1000002   (Triggered on:      640000 )
 Now at event number      641000  of     1000002   (Triggered on:      641000 )
 Now at event number      642000  of     1000002   (Triggered on:      642000 )
 Now at event number      643000  of     1000002   (Triggered on:      643000 )
 Now at event number      644000  of     1000002   (Triggered on:      644000 )
 Now at event number      645000  of     1000002   (Triggered on:      645000 )
 Now at event number      646000  of     1000002   (Triggered on:      646000 )
 Now at event number      647000  of     1000002   (Triggered on:      647000 )
 Now at event number      648000  of     1000002   (Triggered on:      648000 )
 Now at event number      649000  of     1000002   (Triggered on:      649000 )
 Now at event number      650000  of     1000002   (Triggered on:      650000 )
 Now at event number      651000  of     1000002   (Triggered on:      651000 )
 Now at event number      652000  of     1000002   (Triggered on:      652000 )
 Now at event number      653000  of     1000002   (Triggered on:      653000 )
 Now at event number      654000  of     1000002   (Triggered on:      654000 )
 Now at event number      655000  of     1000002   (Triggered on:      655000 )
 Now at event number      656000  of     1000002   (Triggered on:      656000 )
 Now at event number      657000  of     1000002   (Triggered on:      657000 )
 Now at event number      658000  of     1000002   (Triggered on:      658000 )
 Now at event number      659000  of     1000002   (Triggered on:      659000 )
 Now at event number      660000  of     1000002   (Triggered on:      660000 )
 Now at event number      661000  of     1000002   (Triggered on:      661000 )
 Now at event number      662000  of     1000002   (Triggered on:      662000 )
 Now at event number      663000  of     1000002   (Triggered on:      663000 )
 Now at event number      664000  of     1000002   (Triggered on:      664000 )
 Now at event number      665000  of     1000002   (Triggered on:      665000 )
 Now at event number      666000  of     1000002   (Triggered on:      666000 )
 Now at event number      667000  of     1000002   (Triggered on:      667000 )
 Now at event number      668000  of     1000002   (Triggered on:      668000 )
 Now at event number      669000  of     1000002   (Triggered on:      669000 )
 Now at event number      670000  of     1000002   (Triggered on:      670000 )
 Now at event number      671000  of     1000002   (Triggered on:      671000 )
 Now at event number      672000  of     1000002   (Triggered on:      672000 )
 Now at event number      673000  of     1000002   (Triggered on:      673000 )
 Now at event number      674000  of     1000002   (Triggered on:      674000 )
 Now at event number      675000  of     1000002   (Triggered on:      675000 )
 Now at event number      676000  of     1000002   (Triggered on:      676000 )
 Now at event number      677000  of     1000002   (Triggered on:      677000 )
 Now at event number      678000  of     1000002   (Triggered on:      678000 )
 Now at event number      679000  of     1000002   (Triggered on:      679000 )
 Now at event number      680000  of     1000002   (Triggered on:      680000 )
 Now at event number      681000  of     1000002   (Triggered on:      681000 )
 Now at event number      682000  of     1000002   (Triggered on:      682000 )
 Now at event number      683000  of     1000002   (Triggered on:      683000 )
 Now at event number      684000  of     1000002   (Triggered on:      684000 )
 Now at event number      685000  of     1000002   (Triggered on:      685000 )
 Now at event number      686000  of     1000002   (Triggered on:      686000 )
 Now at event number      687000  of     1000002   (Triggered on:      687000 )
 Now at event number      688000  of     1000002   (Triggered on:      688000 )
 Now at event number      689000  of     1000002   (Triggered on:      689000 )
 Now at event number      690000  of     1000002   (Triggered on:      690000 )
 Now at event number      691000  of     1000002   (Triggered on:      691000 )
 Now at event number      692000  of     1000002   (Triggered on:      692000 )
 Now at event number      693000  of     1000002   (Triggered on:      693000 )
 Now at event number      694000  of     1000002   (Triggered on:      694000 )
 Now at event number      695000  of     1000002   (Triggered on:      695000 )
 Now at event number      696000  of     1000002   (Triggered on:      696000 )
 Now at event number      697000  of     1000002   (Triggered on:      697000 )
 Now at event number      698000  of     1000002   (Triggered on:      698000 )
 Now at event number      699000  of     1000002   (Triggered on:      699000 )
 Now at event number      700000  of     1000002   (Triggered on:      700000 )
 Now at event number      701000  of     1000002   (Triggered on:      701000 )
 Now at event number      702000  of     1000002   (Triggered on:      702000 )
 Now at event number      703000  of     1000002   (Triggered on:      703000 )
 Now at event number      704000  of     1000002   (Triggered on:      704000 )
 Now at event number      705000  of     1000002   (Triggered on:      705000 )
 Now at event number      706000  of     1000002   (Triggered on:      706000 )
 Now at event number      707000  of     1000002   (Triggered on:      707000 )
 Now at event number      708000  of     1000002   (Triggered on:      708000 )
 Now at event number      709000  of     1000002   (Triggered on:      709000 )
 Now at event number      710000  of     1000002   (Triggered on:      710000 )
 Now at event number      711000  of     1000002   (Triggered on:      711000 )
 Now at event number      712000  of     1000002   (Triggered on:      712000 )
 Now at event number      713000  of     1000002   (Triggered on:      713000 )
 Now at event number      714000  of     1000002   (Triggered on:      714000 )
 Now at event number      715000  of     1000002   (Triggered on:      715000 )
 Now at event number      716000  of     1000002   (Triggered on:      716000 )
 Now at event number      717000  of     1000002   (Triggered on:      717000 )
 Now at event number      718000  of     1000002   (Triggered on:      718000 )
 Now at event number      719000  of     1000002   (Triggered on:      719000 )
 Now at event number      720000  of     1000002   (Triggered on:      720000 )
 Now at event number      721000  of     1000002   (Triggered on:      721000 )
 Now at event number      722000  of     1000002   (Triggered on:      722000 )
 Now at event number      723000  of     1000002   (Triggered on:      723000 )
 Now at event number      724000  of     1000002   (Triggered on:      724000 )
 Now at event number      725000  of     1000002   (Triggered on:      725000 )
 Now at event number      726000  of     1000002   (Triggered on:      726000 )
 Now at event number      727000  of     1000002   (Triggered on:      727000 )
 Now at event number      728000  of     1000002   (Triggered on:      728000 )
 Now at event number      729000  of     1000002   (Triggered on:      729000 )
 Now at event number      730000  of     1000002   (Triggered on:      730000 )
 Now at event number      731000  of     1000002   (Triggered on:      731000 )
 Now at event number      732000  of     1000002   (Triggered on:      732000 )
 Now at event number      733000  of     1000002   (Triggered on:      733000 )
 Now at event number      734000  of     1000002   (Triggered on:      734000 )
 Now at event number      735000  of     1000002   (Triggered on:      735000 )
 Now at event number      736000  of     1000002   (Triggered on:      736000 )
 Now at event number      737000  of     1000002   (Triggered on:      737000 )
 Now at event number      738000  of     1000002   (Triggered on:      738000 )
 Now at event number      739000  of     1000002   (Triggered on:      739000 )
 Now at event number      740000  of     1000002   (Triggered on:      740000 )
 Now at event number      741000  of     1000002   (Triggered on:      741000 )
 Now at event number      742000  of     1000002   (Triggered on:      742000 )
 Now at event number      743000  of     1000002   (Triggered on:      743000 )
 Now at event number      744000  of     1000002   (Triggered on:      744000 )
 Now at event number      745000  of     1000002   (Triggered on:      745000 )
 Now at event number      746000  of     1000002   (Triggered on:      746000 )
 Now at event number      747000  of     1000002   (Triggered on:      747000 )
 Now at event number      748000  of     1000002   (Triggered on:      748000 )
 Now at event number      749000  of     1000002   (Triggered on:      749000 )
 Now at event number      750000  of     1000002   (Triggered on:      750000 )
 Now at event number      751000  of     1000002   (Triggered on:      751000 )
 Now at event number      752000  of     1000002   (Triggered on:      752000 )
 Now at event number      753000  of     1000002   (Triggered on:      753000 )
 Now at event number      754000  of     1000002   (Triggered on:      754000 )
 Now at event number      755000  of     1000002   (Triggered on:      755000 )
 Now at event number      756000  of     1000002   (Triggered on:      756000 )
 Now at event number      757000  of     1000002   (Triggered on:      757000 )
 Now at event number      758000  of     1000002   (Triggered on:      758000 )
 Now at event number      759000  of     1000002   (Triggered on:      759000 )
 Now at event number      760000  of     1000002   (Triggered on:      760000 )
 Now at event number      761000  of     1000002   (Triggered on:      761000 )
 Now at event number      762000  of     1000002   (Triggered on:      762000 )
 Now at event number      763000  of     1000002   (Triggered on:      763000 )
 Now at event number      764000  of     1000002   (Triggered on:      764000 )
 Now at event number      765000  of     1000002   (Triggered on:      765000 )
 Now at event number      766000  of     1000002   (Triggered on:      766000 )
 Now at event number      767000  of     1000002   (Triggered on:      767000 )
 Now at event number      768000  of     1000002   (Triggered on:      768000 )
 Now at event number      769000  of     1000002   (Triggered on:      769000 )
 Now at event number      770000  of     1000002   (Triggered on:      770000 )
 Now at event number      771000  of     1000002   (Triggered on:      771000 )
 Now at event number      772000  of     1000002   (Triggered on:      772000 )
 Now at event number      773000  of     1000002   (Triggered on:      773000 )
 Now at event number      774000  of     1000002   (Triggered on:      774000 )
 Now at event number      775000  of     1000002   (Triggered on:      775000 )
 Now at event number      776000  of     1000002   (Triggered on:      776000 )
 Now at event number      777000  of     1000002   (Triggered on:      777000 )
 Now at event number      778000  of     1000002   (Triggered on:      778000 )
 Now at event number      779000  of     1000002   (Triggered on:      779000 )
 Now at event number      780000  of     1000002   (Triggered on:      780000 )
 Now at event number      781000  of     1000002   (Triggered on:      781000 )
 Now at event number      782000  of     1000002   (Triggered on:      782000 )
 Now at event number      783000  of     1000002   (Triggered on:      783000 )
 Now at event number      784000  of     1000002   (Triggered on:      784000 )
 Now at event number      785000  of     1000002   (Triggered on:      785000 )
 Now at event number      786000  of     1000002   (Triggered on:      786000 )
 Now at event number      787000  of     1000002   (Triggered on:      787000 )
 Now at event number      788000  of     1000002   (Triggered on:      788000 )
 Now at event number      789000  of     1000002   (Triggered on:      789000 )
 Now at event number      790000  of     1000002   (Triggered on:      790000 )
 Now at event number      791000  of     1000002   (Triggered on:      791000 )
 Now at event number      792000  of     1000002   (Triggered on:      792000 )
 Now at event number      793000  of     1000002   (Triggered on:      793000 )
 Now at event number      794000  of     1000002   (Triggered on:      794000 )
 Now at event number      795000  of     1000002   (Triggered on:      795000 )
 Now at event number      796000  of     1000002   (Triggered on:      796000 )
 Now at event number      797000  of     1000002   (Triggered on:      797000 )
 Now at event number      798000  of     1000002   (Triggered on:      798000 )
 Now at event number      799000  of     1000002   (Triggered on:      799000 )
 Now at event number      800000  of     1000002   (Triggered on:      800000 )
 Now at event number      801000  of     1000002   (Triggered on:      801000 )
 Now at event number      802000  of     1000002   (Triggered on:      802000 )
 Now at event number      803000  of     1000002   (Triggered on:      803000 )
 Now at event number      804000  of     1000002   (Triggered on:      804000 )
 Now at event number      805000  of     1000002   (Triggered on:      805000 )
 Now at event number      806000  of     1000002   (Triggered on:      806000 )
 Now at event number      807000  of     1000002   (Triggered on:      807000 )
 Now at event number      808000  of     1000002   (Triggered on:      808000 )
 Now at event number      809000  of     1000002   (Triggered on:      809000 )
 Now at event number      810000  of     1000002   (Triggered on:      810000 )
 Now at event number      811000  of     1000002   (Triggered on:      811000 )
 Now at event number      812000  of     1000002   (Triggered on:      812000 )
 Now at event number      813000  of     1000002   (Triggered on:      813000 )
 Now at event number      814000  of     1000002   (Triggered on:      814000 )
 Now at event number      815000  of     1000002   (Triggered on:      815000 )
 Now at event number      816000  of     1000002   (Triggered on:      816000 )
 Now at event number      817000  of     1000002   (Triggered on:      817000 )
 Now at event number      818000  of     1000002   (Triggered on:      818000 )
 Now at event number      819000  of     1000002   (Triggered on:      819000 )
 Now at event number      820000  of     1000002   (Triggered on:      820000 )
 Now at event number      821000  of     1000002   (Triggered on:      821000 )
 Now at event number      822000  of     1000002   (Triggered on:      822000 )
 Now at event number      823000  of     1000002   (Triggered on:      823000 )
 Now at event number      824000  of     1000002   (Triggered on:      824000 )
 Now at event number      825000  of     1000002   (Triggered on:      825000 )
 Now at event number      826000  of     1000002   (Triggered on:      826000 )
 Now at event number      827000  of     1000002   (Triggered on:      827000 )
 Now at event number      828000  of     1000002   (Triggered on:      828000 )
 Now at event number      829000  of     1000002   (Triggered on:      829000 )
 Now at event number      830000  of     1000002   (Triggered on:      830000 )
 Now at event number      831000  of     1000002   (Triggered on:      831000 )
 Now at event number      832000  of     1000002   (Triggered on:      832000 )
 Now at event number      833000  of     1000002   (Triggered on:      833000 )
 Now at event number      834000  of     1000002   (Triggered on:      834000 )
 Now at event number      835000  of     1000002   (Triggered on:      835000 )
 Now at event number      836000  of     1000002   (Triggered on:      836000 )
 Now at event number      837000  of     1000002   (Triggered on:      837000 )
 Now at event number      838000  of     1000002   (Triggered on:      838000 )
 Now at event number      839000  of     1000002   (Triggered on:      839000 )
 Now at event number      840000  of     1000002   (Triggered on:      840000 )
 Now at event number      841000  of     1000002   (Triggered on:      841000 )
 Now at event number      842000  of     1000002   (Triggered on:      842000 )
 Now at event number      843000  of     1000002   (Triggered on:      843000 )
 Now at event number      844000  of     1000002   (Triggered on:      844000 )
 Now at event number      845000  of     1000002   (Triggered on:      845000 )
 Now at event number      846000  of     1000002   (Triggered on:      846000 )
 Now at event number      847000  of     1000002   (Triggered on:      847000 )
 Now at event number      848000  of     1000002   (Triggered on:      848000 )
 Now at event number      849000  of     1000002   (Triggered on:      849000 )
 Now at event number      850000  of     1000002   (Triggered on:      850000 )
 Now at event number      851000  of     1000002   (Triggered on:      851000 )
 Now at event number      852000  of     1000002   (Triggered on:      852000 )
 Now at event number      853000  of     1000002   (Triggered on:      853000 )
 Now at event number      854000  of     1000002   (Triggered on:      854000 )
 Now at event number      855000  of     1000002   (Triggered on:      855000 )
 Now at event number      856000  of     1000002   (Triggered on:      856000 )
 Now at event number      857000  of     1000002   (Triggered on:      857000 )
 Now at event number      858000  of     1000002   (Triggered on:      858000 )
 Now at event number      859000  of     1000002   (Triggered on:      859000 )
 Now at event number      860000  of     1000002   (Triggered on:      860000 )
 Now at event number      861000  of     1000002   (Triggered on:      861000 )
 Now at event number      862000  of     1000002   (Triggered on:      862000 )
 Now at event number      863000  of     1000002   (Triggered on:      863000 )
 Now at event number      864000  of     1000002   (Triggered on:      864000 )
 Now at event number      865000  of     1000002   (Triggered on:      865000 )
 Now at event number      866000  of     1000002   (Triggered on:      866000 )
 Now at event number      867000  of     1000002   (Triggered on:      867000 )
 Now at event number      868000  of     1000002   (Triggered on:      868000 )
 Now at event number      869000  of     1000002   (Triggered on:      869000 )
 Now at event number      870000  of     1000002   (Triggered on:      870000 )
 Now at event number      871000  of     1000002   (Triggered on:      871000 )
 Now at event number      872000  of     1000002   (Triggered on:      872000 )
 Now at event number      873000  of     1000002   (Triggered on:      873000 )
 Now at event number      874000  of     1000002   (Triggered on:      874000 )
 Now at event number      875000  of     1000002   (Triggered on:      875000 )
 Now at event number      876000  of     1000002   (Triggered on:      876000 )
 Now at event number      877000  of     1000002   (Triggered on:      877000 )
 Now at event number      878000  of     1000002   (Triggered on:      878000 )
 Now at event number      879000  of     1000002   (Triggered on:      879000 )
 Now at event number      880000  of     1000002   (Triggered on:      880000 )
 Now at event number      881000  of     1000002   (Triggered on:      881000 )
 Now at event number      882000  of     1000002   (Triggered on:      882000 )
 Now at event number      883000  of     1000002   (Triggered on:      883000 )
 Now at event number      884000  of     1000002   (Triggered on:      884000 )
 Now at event number      885000  of     1000002   (Triggered on:      885000 )
 Now at event number      886000  of     1000002   (Triggered on:      886000 )
 Now at event number      887000  of     1000002   (Triggered on:      887000 )
 Now at event number      888000  of     1000002   (Triggered on:      888000 )
 Now at event number      889000  of     1000002   (Triggered on:      889000 )
 Now at event number      890000  of     1000002   (Triggered on:      890000 )
 Now at event number      891000  of     1000002   (Triggered on:      891000 )
 Now at event number      892000  of     1000002   (Triggered on:      892000 )
 Now at event number      893000  of     1000002   (Triggered on:      893000 )
 Now at event number      894000  of     1000002   (Triggered on:      894000 )
 Now at event number      895000  of     1000002   (Triggered on:      895000 )
 Now at event number      896000  of     1000002   (Triggered on:      896000 )
 Now at event number      897000  of     1000002   (Triggered on:      897000 )
 Now at event number      898000  of     1000002   (Triggered on:      898000 )
 Now at event number      899000  of     1000002   (Triggered on:      899000 )
 Now at event number      900000  of     1000002   (Triggered on:      900000 )
 Now at event number      901000  of     1000002   (Triggered on:      901000 )
 Now at event number      902000  of     1000002   (Triggered on:      902000 )
 Now at event number      903000  of     1000002   (Triggered on:      903000 )
 Now at event number      904000  of     1000002   (Triggered on:      904000 )
 Now at event number      905000  of     1000002   (Triggered on:      905000 )
 Now at event number      906000  of     1000002   (Triggered on:      906000 )
 Now at event number      907000  of     1000002   (Triggered on:      907000 )
 Now at event number      908000  of     1000002   (Triggered on:      908000 )
 Now at event number      909000  of     1000002   (Triggered on:      909000 )
 Now at event number      910000  of     1000002   (Triggered on:      910000 )
 Now at event number      911000  of     1000002   (Triggered on:      911000 )
 Now at event number      912000  of     1000002   (Triggered on:      912000 )
 Now at event number      913000  of     1000002   (Triggered on:      913000 )
 Now at event number      914000  of     1000002   (Triggered on:      914000 )
 Now at event number      915000  of     1000002   (Triggered on:      915000 )
 Now at event number      916000  of     1000002   (Triggered on:      916000 )
 Now at event number      917000  of     1000002   (Triggered on:      917000 )
 Now at event number      918000  of     1000002   (Triggered on:      918000 )
 Now at event number      919000  of     1000002   (Triggered on:      919000 )
 Now at event number      920000  of     1000002   (Triggered on:      920000 )
 Now at event number      921000  of     1000002   (Triggered on:      921000 )
 Now at event number      922000  of     1000002   (Triggered on:      922000 )
 Now at event number      923000  of     1000002   (Triggered on:      923000 )
 Now at event number      924000  of     1000002   (Triggered on:      924000 )
 Now at event number      925000  of     1000002   (Triggered on:      925000 )
 Now at event number      926000  of     1000002   (Triggered on:      926000 )
 Now at event number      927000  of     1000002   (Triggered on:      927000 )
 Now at event number      928000  of     1000002   (Triggered on:      928000 )
 Now at event number      929000  of     1000002   (Triggered on:      929000 )
 Now at event number      930000  of     1000002   (Triggered on:      930000 )
 Now at event number      931000  of     1000002   (Triggered on:      931000 )
 Now at event number      932000  of     1000002   (Triggered on:      932000 )
 Now at event number      933000  of     1000002   (Triggered on:      933000 )
 Now at event number      934000  of     1000002   (Triggered on:      934000 )
 Now at event number      935000  of     1000002   (Triggered on:      935000 )
 Now at event number      936000  of     1000002   (Triggered on:      936000 )
 Now at event number      937000  of     1000002   (Triggered on:      937000 )
 Now at event number      938000  of     1000002   (Triggered on:      938000 )
 Now at event number      939000  of     1000002   (Triggered on:      939000 )
 Now at event number      940000  of     1000002   (Triggered on:      940000 )
 Now at event number      941000  of     1000002   (Triggered on:      941000 )
 Now at event number      942000  of     1000002   (Triggered on:      942000 )
 Now at event number      943000  of     1000002   (Triggered on:      943000 )
 Now at event number      944000  of     1000002   (Triggered on:      944000 )
 Now at event number      945000  of     1000002   (Triggered on:      945000 )
 Now at event number      946000  of     1000002   (Triggered on:      946000 )
 Now at event number      947000  of     1000002   (Triggered on:      947000 )
 Now at event number      948000  of     1000002   (Triggered on:      948000 )
 Now at event number      949000  of     1000002   (Triggered on:      949000 )
 Now at event number      950000  of     1000002   (Triggered on:      950000 )
 Now at event number      951000  of     1000002   (Triggered on:      951000 )
 Now at event number      952000  of     1000002   (Triggered on:      952000 )
 Now at event number      953000  of     1000002   (Triggered on:      953000 )
 Now at event number      954000  of     1000002   (Triggered on:      954000 )
 Now at event number      955000  of     1000002   (Triggered on:      955000 )
 Now at event number      956000  of     1000002   (Triggered on:      956000 )
 Now at event number      957000  of     1000002   (Triggered on:      957000 )
 Now at event number      958000  of     1000002   (Triggered on:      958000 )
 Now at event number      959000  of     1000002   (Triggered on:      959000 )
 Now at event number      960000  of     1000002   (Triggered on:      960000 )
 Now at event number      961000  of     1000002   (Triggered on:      961000 )
 Now at event number      962000  of     1000002   (Triggered on:      962000 )
 Now at event number      963000  of     1000002   (Triggered on:      963000 )
 Now at event number      964000  of     1000002   (Triggered on:      964000 )
 Now at event number      965000  of     1000002   (Triggered on:      965000 )
 Now at event number      966000  of     1000002   (Triggered on:      966000 )
 Now at event number      967000  of     1000002   (Triggered on:      967000 )
 Now at event number      968000  of     1000002   (Triggered on:      968000 )
 Now at event number      969000  of     1000002   (Triggered on:      969000 )
 Now at event number      970000  of     1000002   (Triggered on:      970000 )
 Now at event number      971000  of     1000002   (Triggered on:      971000 )
 Now at event number      972000  of     1000002   (Triggered on:      972000 )
 Now at event number      973000  of     1000002   (Triggered on:      973000 )
 Now at event number      974000  of     1000002   (Triggered on:      974000 )
 Now at event number      975000  of     1000002   (Triggered on:      975000 )
 Now at event number      976000  of     1000002   (Triggered on:      976000 )
 Now at event number      977000  of     1000002   (Triggered on:      977000 )
 Now at event number      978000  of     1000002   (Triggered on:      978000 )
 Now at event number      979000  of     1000002   (Triggered on:      979000 )
 Now at event number      980000  of     1000002   (Triggered on:      980000 )
 Now at event number      981000  of     1000002   (Triggered on:      981000 )
 Now at event number      982000  of     1000002   (Triggered on:      982000 )
 Now at event number      983000  of     1000002   (Triggered on:      983000 )
 Now at event number      984000  of     1000002   (Triggered on:      984000 )
 Now at event number      985000  of     1000002   (Triggered on:      985000 )
 Now at event number      986000  of     1000002   (Triggered on:      986000 )
 Now at event number      987000  of     1000002   (Triggered on:      987000 )
 Now at event number      988000  of     1000002   (Triggered on:      988000 )
 Now at event number      989000  of     1000002   (Triggered on:      989000 )
 Now at event number      990000  of     1000002   (Triggered on:      990000 )
 Now at event number      991000  of     1000002   (Triggered on:      991000 )
 Now at event number      992000  of     1000002   (Triggered on:      992000 )
 Now at event number      993000  of     1000002   (Triggered on:      993000 )
 Now at event number      994000  of     1000002   (Triggered on:      994000 )
 Now at event number      995000  of     1000002   (Triggered on:      995000 )
 Now at event number      996000  of     1000002   (Triggered on:      996000 )
 Now at event number      997000  of     1000002   (Triggered on:      997000 )
 Now at event number      998000  of     1000002   (Triggered on:      998000 )
 Now at event number      999000  of     1000002   (Triggered on:      999000 )
 Now at event number     1000000  of     1000002   (Triggered on:     1000000 )

          STDXEND: 1852117889 words i/o with     9907 efficiency 
