 Process in group number            0
 A PDF is used, so alpha_s(MZ) is going to be modified
 Old value of alpha_s from param_card:   0.11800000071525575     
  ****************************************
 
       NNPDFDriver version 1.0.3
   Grid: NNPDF23_lo_as_0130_qed_mem0.grid
  ****************************************
 New value of alpha_s from PDF nn23lo1:  0.13000000000000000     
 *****************************************************
 *               MadGraph/MadEvent                   *
 *        --------------------------------           *
 *          http://madgraph.hep.uiuc.edu             *
 *          http://madgraph.phys.ucl.ac.be           *
 *          http://madgraph.roma2.infn.it            *
 *        --------------------------------           *
 *                                                   *
 *          PARAMETER AND COUPLING VALUES            *
 *                                                   *
 *****************************************************

  External Params
  ---------------------------------
  
 mdl_RRd1x1 =    1.0000000000000000     
 mdl_RRd2x2 =    1.0000000000000000     
 mdl_RRd3x3 =   0.93873792886734009     
 mdl_RRd3x6 =   0.34463191032409668     
 mdl_RRd4x4 =    1.0000000000000000     
 mdl_RRd5x5 =    1.0000000000000000     
 mdl_RRd6x3 =  -0.34463191032409668     
 mdl_RRd6x6 =   0.93873792886734009     
 mdl_alp =  -0.11382520198822021     
 mdl_RMUH =    357.68099975585938     
 mdl_tb =    9.7486238479614258     
 mdl_MA2 =    166439.09375000000     
 mdl_RmD21x1 =    273684.68750000000     
 mdl_RmD23x3 =    270262.00000000000     
 mdl_RmE21x1 =    18630.640625000000     
 mdl_RmE23x3 =    17967.630859375000     
 mdl_RmL21x1 =    38155.679687500000     
 mdl_RmL23x3 =    37828.691406250000     
 mdl_RMx1 =    101.39649963378906     
 mdl_RMx2 =    191.50419616699219     
 mdl_RMx3 =    588.26300048828125     
 mdl_mHd2 =    32337.490234375000     
 mdl_mHu2 =   -128800.10156250000     
 mdl_RmQ21x1 =    299836.68750000000     
 mdl_RmQ23x3 =    248765.40625000000     
 mdl_RmU21x1 =    280382.09375000000     
 mdl_RmU23x3 =    179137.09375000000     
 mdl_RNN1x1 =   0.98636442422866821     
 mdl_RNN1x2 =  -5.31103610992431641E-002
 mdl_RNN1x3 =   0.14643399417400360     
 mdl_RNN1x4 =  -5.31186088919639587E-002
 mdl_RNN2x1 =   9.93505418300628662E-002
 mdl_RNN2x2 =   0.94494932889938354     
 mdl_RNN2x3 =  -0.26984670758247375     
 mdl_RNN2x4 =   0.15615069866180420     
 mdl_RNN3x1 =  -6.03387989103794098E-002
 mdl_RNN3x2 =   8.77004936337471008E-002
 mdl_RNN3x3 =   0.69587749242782593     
 mdl_RNN3x4 =   0.71022701263427734     
 mdl_RNN4x1 =  -0.11650709807872772     
 mdl_RNN4x2 =   0.31073901057243347     
 mdl_RNN4x3 =   0.64922600984573364     
 mdl_RNN4x4 =  -0.68437778949737549     
 mdl_RRl1x1 =    1.0000000000000000     
 mdl_RRl2x2 =    1.0000000000000000     
 mdl_RRl3x3 =   0.28248721361160278     
 mdl_RRl3x6 =   0.95927107334136963     
 mdl_RRl4x4 =    1.0000000000000000     
 mdl_RRl5x5 =    1.0000000000000000     
 mdl_RRl6x3 =   0.95927107334136963     
 mdl_RRl6x6 =  -0.28248721361160278     
 aEWM1 =    127.93399810791016     
 aS =   0.11800000071525575     
 mdl_RRn1x1 =    1.0000000000000000     
 mdl_RRn2x2 =    1.0000000000000000     
 mdl_RRn3x3 =    1.0000000000000000     
 mdl_Rtd3x3 =   -110.69370269775391     
 mdl_Rte3x3 =   -25.401969909667969     
 mdl_Rtu3x3 =   -444.75250244140625     
 mdl_RUU1x1 =   0.91683489084243774     
 mdl_RUU1x2 =  -0.39926660060882568     
 mdl_RUU2x1 =   0.39926660060882568     
 mdl_RUU2x2 =   0.91683489084243774     
 mdl_RMNS1x1 =    1.0000000000000000     
 mdl_RMNS2x2 =    1.0000000000000000     
 mdl_RMNS3x3 =    1.0000000000000000     
 mdl_RRu1x1 =    1.0000000000000000     
 mdl_RRu2x2 =    1.0000000000000000     
 mdl_RRu3x3 =   0.55364501476287842     
 mdl_RRu3x6 =   0.83275282382965088     
 mdl_RRu4x4 =    1.0000000000000000     
 mdl_RRu5x5 =    1.0000000000000000     
 mdl_RRu6x3 =   0.83275282382965088     
 mdl_RRu6x6 =  -0.55364501476287842     
 mdl_RCKM1x1 =    1.0000000000000000     
 mdl_RCKM2x2 =    1.0000000000000000     
 mdl_RCKM3x3 =    1.0000000000000000     
 mdl_RVV1x1 =   0.97255778312683105     
 mdl_RVV1x2 =  -0.23266120254993439     
 mdl_RVV2x1 =   0.23266120254993439     
 mdl_RVV2x2 =   0.97255778312683105     
 mdl_Ryd3x3 =   0.13884019851684570     
 mdl_Rye3x3 =   0.10089080035686493     
 mdl_Ryu3x3 =   0.89284449815750122     
 mdl_MZ =    91.187599182128906     
 mdl_MW =    79.829010009765625     
 mdl_Mneu1 =    96.688072204589844     
 mdl_Mneu2 =    181.08819580078125     
 mdl_Mneu3 =   -363.75601196289063     
 mdl_Mneu4 =    381.72940063476563     
 mdl_Mch1 =    181.69650268554688     
 mdl_Mch2 =    379.93930053710938     
 mdl_Mgo =    607.71368408203125     
 mdl_MH01 =    110.89910125732422     
 mdl_MH02 =    399.96011352539063     
 mdl_MA0 =    399.58389282226563     
 mdl_MH =    407.87899780273438     
 mdl_Mta =    1.7769999504089355     
 mdl_MT =    175.00000000000000     
 mdl_MB =    4.8899168968200684     
 mdl_Msn1 =    185.25830078125000     
 mdl_Msn3 =    184.70849609375000     
 mdl_Msl1 =    202.91569519042969     
 mdl_Msl3 =    134.49090576171875     
 mdl_Msl4 =    144.10279846191406     
 mdl_Msl6 =    206.86779785156250     
 mdl_Msu1 =    561.11901855468750     
 mdl_Msu3 =    399.66848754882813     
 mdl_Msu4 =    549.25927734375000     
 mdl_Msu6 =    585.78582763671875     
 mdl_Msd1 =    568.44110107421875     
 mdl_Msd3 =    513.06518554687500     
 mdl_Msd4 =    545.22851562500000     
 mdl_Msd6 =    543.72668457031250     
 mdl_WZ =    2.4114329814910889     
 mdl_WW =    2.0028219223022461     
 mdl_Wneu2 =   2.07770001143217087E-002
 mdl_Wneu3 =    1.9159849882125854     
 mdl_Wneu4 =    2.5858509540557861     
 mdl_Wch1 =   1.70414503663778305E-002
 mdl_Wch2 =    2.4868950843811035     
 mdl_Wgo =    5.5067539215087891     
 mdl_WH01 =   1.98610802181065083E-003
 mdl_WH02 =   0.57480138540267944     
 mdl_WA0 =   0.63217848539352417     
 mdl_WH =   0.54696279764175415     
 mdl_WT =    1.5619499683380127     
 mdl_Wsn1 =   0.14988160133361816     
 mdl_Wsn2 =   0.14988160133361816     
 mdl_Wsn3 =   0.14751900732517242     
 mdl_Wsl1 =   0.21368220448493958     
 mdl_Wsl2 =   0.21368220448493958     
 mdl_Wsl3 =   0.14832730591297150     
 mdl_Wsl4 =   0.21612159907817841     
 mdl_Wsl5 =   0.21612159907817841     
 mdl_Wsl6 =   0.26990610361099243     
 mdl_Wsu1 =    5.4771947860717773     
 mdl_Wsu2 =    5.4771947860717773     
 mdl_Wsu3 =    2.0215959548950195     
 mdl_Wsu4 =    1.1529730558395386     
 mdl_Wsu5 =    1.1529730558395386     
 mdl_Wsu6 =    7.3731331825256348     
 mdl_Wsd1 =    5.3127880096435547     
 mdl_Wsd2 =    5.3127880096435547     
 mdl_Wsd3 =    3.7362759113311768     
 mdl_Wsd4 =   0.28581228852272034     
 mdl_Wsd5 =   0.28581228852272034     
 mdl_Wsd6 =   0.80156630277633667     
  Internal Params
  ---------------------------------
  
 mdl_Msu5 =    549.25927734375000     
 mdl_Msu2 =    561.11901855468750     
 mdl_RmD22x2 =    273684.68750000000     
 mdl_Msl2 =    202.91569519042969     
 mdl_Msl5 =    144.10279846191406     
 mdl_RmL22x2 =    38155.679687500000     
 mdl_Msd2 =    568.44110107421875     
 mdl_RmQ22x2 =    299836.68750000000     
 mdl_Msd5 =    545.22851562500000     
 mdl_RmU22x2 =    280382.09375000000     
 mdl_Msn2 =    185.25830078125000     
 mdl_RmE22x2 =    18630.640625000000     
 mdl_conjg__CKM3x3 =    1.0000000000000000     
 mdl_I93x22 =    1.0000000000000000     
 mdl_I97x11 =    1.0000000000000000     
 mdl_I43x22 =    1.0000000000000000     
 mdl_I51x11 =    1.0000000000000000     
 mdl_I75x55 =    1.0000000000000000     
 mdl_I92x22 =    1.0000000000000000     
 mdl_I96x11 =    1.0000000000000000     
 mdl_I5x11 =    1.0000000000000000     
 mdl_I100x44 =    1.0000000000000000     
 mdl_conjg__Rn3x3 =    1.0000000000000000     
 mdl_I45x11 =    1.0000000000000000     
 mdl_I75x44 =    1.0000000000000000     
 mdl_I25x22 =    1.0000000000000000     
 mdl_I52x44 =    1.0000000000000000     
 mdl_conjg__Ru1x1 =    1.0000000000000000     
 mdl_I32x44 =    1.0000000000000000     
 mdl_conjg__Ru4x4 =    1.0000000000000000     
 mdl_I6x44 =    1.0000000000000000     
 mdl_I53x11 =    1.0000000000000000     
 mdl_I74x11 =    1.0000000000000000     
 mdl_conjg__Rd5x5 =    1.0000000000000000     
 mdl_conjg__Rl1x1 =    1.0000000000000000     
 mdl_I5x22 =    1.0000000000000000     
 mdl_I101x55 =    1.0000000000000000     
 mdl_I102x44 =    1.0000000000000000     
 mdl_I52x55 =    1.0000000000000000     
 mdl_I26x44 =    1.0000000000000000     
 mdl_conjg__Ru2x2 =    1.0000000000000000     
 mdl_I26x55 =    1.0000000000000000     
 mdl_I96x22 =    1.0000000000000000     
 mdl_I13x44 =    1.0000000000000000     
 mdl_I51x22 =    1.0000000000000000     
 mdl_I89x11 =    1.0000000000000000     
 mdl_I98x11 =    1.0000000000000000     
 mdl_I100x55 =    1.0000000000000000     
 mdl_Ru5x5 =    1.0000000000000000     
 mdl_Rl1x1 =    1.0000000000000000     
 mdl_conjg__Rl4x4 =    1.0000000000000000     
 mdl_Ru2x2 =    1.0000000000000000     
 mdl_Ru4x4 =    1.0000000000000000     
 mdl_conjg__Rd4x4 =    1.0000000000000000     
 mdl_Rd1x1 =    1.0000000000000000     
 mdl_I7x22 =    1.0000000000000000     
 mdl_I25x11 =    1.0000000000000000     
 mdl_I6x55 =    1.0000000000000000     
 mdl_CKM3x3 =    1.0000000000000000     
 mdl_Rn3x3 =    1.0000000000000000     
 mdl_conjg__Rd1x1 =    1.0000000000000000     
 mdl_I85x22 =    1.0000000000000000     
 mdl_conjg__Rn2x2 =    1.0000000000000000     
 mdl_I39x11 =    1.0000000000000000     
 mdl_I101x44 =    1.0000000000000000     
 mdl_I102x55 =    1.0000000000000000     
 mdl_atan__tb =    1.4685752810959325     
 mdl_beta =    1.4685752810959325     
 mdl_cw =   0.87543712879558566     
 mdl_mD21x1 =  (  273684.68750000000     ,  0.0000000000000000     )
 mdl_mD22x2 =  (  273684.68750000000     ,  0.0000000000000000     )
 mdl_mD23x3 =  (  270262.00000000000     ,  0.0000000000000000     )
 mdl_mE21x1 =  (  18630.640625000000     ,  0.0000000000000000     )
 mdl_mE22x2 =  (  18630.640625000000     ,  0.0000000000000000     )
 mdl_mE23x3 =  (  17967.630859375000     ,  0.0000000000000000     )
 mdl_mL21x1 =  (  38155.679687500000     ,  0.0000000000000000     )
 mdl_mL22x2 =  (  38155.679687500000     ,  0.0000000000000000     )
 mdl_mL23x3 =  (  37828.691406250000     ,  0.0000000000000000     )
 mdl_mQ21x1 =  (  299836.68750000000     ,  0.0000000000000000     )
 mdl_mQ22x2 =  (  299836.68750000000     ,  0.0000000000000000     )
 mdl_mQ23x3 =  (  248765.40625000000     ,  0.0000000000000000     )
 mdl_mU21x1 =  (  280382.09375000000     ,  0.0000000000000000     )
 mdl_mU22x2 =  (  280382.09375000000     ,  0.0000000000000000     )
 mdl_mU23x3 =  (  179137.09375000000     ,  0.0000000000000000     )
 mdl_MUH =  (  357.68099975585938     ,  0.0000000000000000     )
 mdl_Mx1 =  (  101.39649963378906     ,  0.0000000000000000     )
 mdl_Mx2 =  (  191.50419616699219     ,  0.0000000000000000     )
 mdl_Mx3 =  (  588.26300048828125     ,  0.0000000000000000     )
 mdl_NN1x1 =  ( 0.98636442422866821     ,  0.0000000000000000     )
 mdl_NN1x2 =  (-5.31103610992431641E-002,  0.0000000000000000     )
 mdl_NN1x3 =  ( 0.14643399417400360     ,  0.0000000000000000     )
 mdl_NN1x4 =  (-5.31186088919639587E-002,  0.0000000000000000     )
 mdl_NN2x1 =  ( 9.93505418300628662E-002,  0.0000000000000000     )
 mdl_NN2x2 =  ( 0.94494932889938354     ,  0.0000000000000000     )
 mdl_NN2x3 =  (-0.26984670758247375     ,  0.0000000000000000     )
 mdl_NN2x4 =  ( 0.15615069866180420     ,  0.0000000000000000     )
 mdl_NN3x1 =  (-6.03387989103794098E-002,  0.0000000000000000     )
 mdl_NN3x2 =  ( 8.77004936337471008E-002,  0.0000000000000000     )
 mdl_NN3x3 =  ( 0.69587749242782593     ,  0.0000000000000000     )
 mdl_NN3x4 =  ( 0.71022701263427734     ,  0.0000000000000000     )
 mdl_NN4x1 =  (-0.11650709807872772     ,  0.0000000000000000     )
 mdl_NN4x2 =  ( 0.31073901057243347     ,  0.0000000000000000     )
 mdl_NN4x3 =  ( 0.64922600984573364     ,  0.0000000000000000     )
 mdl_NN4x4 =  (-0.68437778949737549     ,  0.0000000000000000     )
 mdl_Rd3x3 =  ( 0.93873792886734009     ,  0.0000000000000000     )
 mdl_Rd3x6 =  ( 0.34463191032409668     ,  0.0000000000000000     )
 mdl_Rd6x3 =  (-0.34463191032409668     ,  0.0000000000000000     )
 mdl_Rd6x6 =  ( 0.93873792886734009     ,  0.0000000000000000     )
 mdl_Rl3x3 =  ( 0.28248721361160278     ,  0.0000000000000000     )
 mdl_Rl3x6 =  ( 0.95927107334136963     ,  0.0000000000000000     )
 mdl_Rl6x3 =  ( 0.95927107334136963     ,  0.0000000000000000     )
 mdl_Rl6x6 =  (-0.28248721361160278     ,  0.0000000000000000     )
 mdl_Ru3x3 =  ( 0.55364501476287842     ,  0.0000000000000000     )
 mdl_Ru3x6 =  ( 0.83275282382965088     ,  0.0000000000000000     )
 mdl_Ru6x3 =  ( 0.83275282382965088     ,  0.0000000000000000     )
 mdl_Ru6x6 =  (-0.55364501476287842     ,  0.0000000000000000     )
 mdl_UU1x1 =  ( 0.91683489084243774     ,  0.0000000000000000     )
 mdl_UU1x2 =  (-0.39926660060882568     ,  0.0000000000000000     )
 mdl_UU2x1 =  ( 0.39926660060882568     ,  0.0000000000000000     )
 mdl_UU2x2 =  ( 0.91683489084243774     ,  0.0000000000000000     )
 mdl_VV1x1 =  ( 0.97255778312683105     ,  0.0000000000000000     )
 mdl_VV1x2 =  (-0.23266120254993439     ,  0.0000000000000000     )
 mdl_VV2x1 =  ( 0.23266120254993439     ,  0.0000000000000000     )
 mdl_VV2x2 =  ( 0.97255778312683105     ,  0.0000000000000000     )
 mdl_td3x3 =  ( -110.69370269775391     ,  0.0000000000000000     )
 mdl_te3x3 =  ( -25.401969909667969     ,  0.0000000000000000     )
 mdl_tu3x3 =  ( -444.75250244140625     ,  0.0000000000000000     )
 mdl_yd3x3 =  ( 0.13884019851684570     ,  0.0000000000000000     )
 mdl_ye3x3 =  ( 0.10089080035686493     ,  0.0000000000000000     )
 mdl_yu3x3 =  ( 0.89284449815750122     ,  0.0000000000000000     )
 mdl_MZ__exp__2 =    8315.1782446005964     
 mdl_bb =  (  15860.964556876650     ,  0.0000000000000000     )
 mdl_cw__exp__2 =   0.76639016647385882     
 mdl_sw =   0.48333201169190232     
 mdl_cos__beta =   0.10204311831039044     
 mdl_sin__beta =   0.99477997668102047     
 mdl_conjg__yu3x3 =  ( 0.89284449815750122     , -0.0000000000000000     )
 mdl_I1x33 =  ( 0.89284449815750122     , -0.0000000000000000     )
 mdl_conjg__yd3x3 =  ( 0.13884019851684570     , -0.0000000000000000     )
 mdl_I10x33 =  ( 0.13033456039923408     , -0.0000000000000000     )
 mdl_I10x36 =  (-4.78487628446373492E-002,  0.0000000000000000     )
 mdl_conjg__Rd3x6 =  ( 0.34463191032409668     , -0.0000000000000000     )
 mdl_I100x33 =  ( 0.11877115361363622     , -0.0000000000000000     )
 mdl_I100x36 =  ( 0.32351904571923740     , -0.0000000000000000     )
 mdl_conjg__Rd6x6 =  ( 0.93873792886734009     , -0.0000000000000000     )
 mdl_I100x63 =  ( 0.32351904571923740     , -0.0000000000000000     )
 mdl_I100x66 =  ( 0.88122889909414326     , -0.0000000000000000     )
 mdl_conjg__Rl3x6 =  ( 0.95927107334136963     , -0.0000000000000000     )
 mdl_I101x33 =  ( 0.92020099214950335     , -0.0000000000000000     )
 mdl_I101x36 =  (-0.27098181260641496     ,  0.0000000000000000     )
 mdl_conjg__Rl6x6 =  (-0.28248721361160278     , -0.0000000000000000     )
 mdl_I101x63 =  (-0.27098181260641496     , -0.0000000000000000     )
 mdl_I101x66 =  ( 7.97990258540473008E-002,  0.0000000000000000     )
 mdl_conjg__Ru3x6 =  ( 0.83275282382965088     , -0.0000000000000000     )
 mdl_I102x33 =  ( 0.69347726559625755     , -0.0000000000000000     )
 mdl_I102x36 =  (-0.46104944944299575     ,  0.0000000000000000     )
 mdl_conjg__Ru6x6 =  (-0.55364501476287842     , -0.0000000000000000     )
 mdl_I102x63 =  (-0.46104944944299575     , -0.0000000000000000     )
 mdl_I102x66 =  ( 0.30652280237178786     ,  0.0000000000000000     )
 mdl_I11x33 =  ( 4.78487628446373492E-002,  0.0000000000000000     )
 mdl_I11x36 =  ( 0.13033456039923408     ,  0.0000000000000000     )
 mdl_conjg__Rd3x3 =  ( 0.93873792886734009     , -0.0000000000000000     )
 mdl_I12x33 =  ( 0.88122889909414326     , -0.0000000000000000     )
 mdl_I12x36 =  (-0.32351904571923740     ,  0.0000000000000000     )
 mdl_conjg__Rd6x3 =  (-0.34463191032409668     , -0.0000000000000000     )
 mdl_I12x63 =  (-0.32351904571923740     , -0.0000000000000000     )
 mdl_I12x66 =  ( 0.11877115361363622     ,  0.0000000000000000     )
 mdl_I13x33 =  ( 0.11877115361363622     , -0.0000000000000000     )
 mdl_I13x36 =  ( 0.32351904571923740     , -0.0000000000000000     )
 mdl_I13x63 =  ( 0.32351904571923740     , -0.0000000000000000     )
 mdl_I13x66 =  ( 0.88122889909414326     , -0.0000000000000000     )
 mdl_conjg__td3x3 =  ( -110.69370269775391     , -0.0000000000000000     )
 mdl_I14x33 =  ( -35.811521063906319     ,  0.0000000000000000     )
 mdl_I14x36 =  (  13.147218767177106     ,  0.0000000000000000     )
 mdl_I14x63 =  ( -97.546489764996068     ,  0.0000000000000000     )
 mdl_I14x66 =  (  35.811521063906319     ,  0.0000000000000000     )
 mdl_I15x33 =  ( 4.49174485316393979E-002, -0.0000000000000000     )
 mdl_I15x36 =  (-1.64902105457920278E-002,  0.0000000000000000     )
 mdl_I15x63 =  ( 0.12234999528901223     , -0.0000000000000000     )
 mdl_I15x66 =  (-4.49174485316393979E-002,  0.0000000000000000     )
 mdl_I16x33 =  ( -35.811521063906319     ,  0.0000000000000000     )
 mdl_I16x36 =  ( -97.546489764996068     ,  0.0000000000000000     )
 mdl_I16x63 =  (  13.147218767177106     ,  0.0000000000000000     )
 mdl_I16x66 =  (  35.811521063906319     ,  0.0000000000000000     )
 mdl_I17x33 =  ( 1.69870976344615940E-002, -0.0000000000000000     )
 mdl_I17x36 =  (-6.23634747100301323E-003,  0.0000000000000000     )
 mdl_I17x63 =  (-6.23634747100301323E-003,  0.0000000000000000     )
 mdl_I17x66 =  ( 2.28950410576234760E-003,  0.0000000000000000     )
 mdl_I18x33 =  ( 4.49174485316393979E-002, -0.0000000000000000     )
 mdl_I18x36 =  ( 0.12234999528901223     , -0.0000000000000000     )
 mdl_I18x63 =  (-1.64902105457920278E-002, -0.0000000000000000     )
 mdl_I18x66 =  (-4.49174485316393979E-002, -0.0000000000000000     )
 mdl_I19x33 =  ( 2.28950410576234760E-003, -0.0000000000000000     )
 mdl_I19x36 =  ( 6.23634747100301323E-003, -0.0000000000000000     )
 mdl_I19x63 =  ( 6.23634747100301323E-003, -0.0000000000000000     )
 mdl_I19x66 =  ( 1.69870976344615940E-002, -0.0000000000000000     )
 mdl_I2x33 =  ( 0.13884019851684570     ,  0.0000000000000000     )
 mdl_I20x33 =  ( 0.13884019851684570     , -0.0000000000000000     )
 mdl_I21x33 =  ( 0.89284449815750122     ,  0.0000000000000000     )
 mdl_conjg__ye3x3 =  ( 0.10089080035686493     , -0.0000000000000000     )
 mdl_I22x33 =  ( 0.10089080035686493     , -0.0000000000000000     )
 mdl_I23x33 =  ( 9.67816263485996586E-002, -0.0000000000000000     )
 mdl_I23x36 =  (-2.85003610718552736E-002,  0.0000000000000000     )
 mdl_conjg__Rl3x3 =  ( 0.28248721361160278     , -0.0000000000000000     )
 mdl_I24x33 =  ( 2.85003610718552736E-002, -0.0000000000000000     )
 mdl_conjg__Rl6x3 =  ( 0.95927107334136963     , -0.0000000000000000     )
 mdl_I24x36 =  ( 9.67816263485996586E-002, -0.0000000000000000     )
 mdl_I25x33 =  ( 7.97990258540473008E-002, -0.0000000000000000     )
 mdl_I25x36 =  ( 0.27098181260641496     , -0.0000000000000000     )
 mdl_I25x63 =  ( 0.27098181260641496     , -0.0000000000000000     )
 mdl_I25x66 =  ( 0.92020099214950335     , -0.0000000000000000     )
 mdl_I26x33 =  ( 0.92020099214950335     , -0.0000000000000000     )
 mdl_I26x36 =  (-0.27098181260641496     ,  0.0000000000000000     )
 mdl_I26x63 =  (-0.27098181260641496     , -0.0000000000000000     )
 mdl_I26x66 =  ( 7.97990258540473008E-002,  0.0000000000000000     )
 mdl_I27x33 =  ( 2.85003610718552736E-002, -0.0000000000000000     )
 mdl_I27x36 =  ( 9.67816263485996586E-002, -0.0000000000000000     )
 mdl_I28x33 =  ( 9.67816263485996586E-002,  0.0000000000000000     )
 mdl_I28x36 =  (-2.85003610718552736E-002,  0.0000000000000000     )
 mdl_I29x33 =  ( 0.28248721361160278     ,  0.0000000000000000     )
 mdl_I29x36 =  ( 0.95927107334136963     ,  0.0000000000000000     )
 mdl_I3x33 =  ( 4.78487628446373492E-002, -0.0000000000000000     )
 mdl_I3x36 =  ( 0.13033456039923408     , -0.0000000000000000     )
 mdl_I30x33 =  ( 9.67816263485996586E-002,  0.0000000000000000     )
 mdl_I30x36 =  (-2.85003610718552736E-002,  0.0000000000000000     )
 mdl_I31x33 =  ( 7.97990258540473008E-002, -0.0000000000000000     )
 mdl_I31x36 =  ( 0.27098181260641496     , -0.0000000000000000     )
 mdl_I31x63 =  ( 0.27098181260641496     , -0.0000000000000000     )
 mdl_I31x66 =  ( 0.92020099214950335     , -0.0000000000000000     )
 mdl_I32x33 =  ( 0.92020099214950335     , -0.0000000000000000     )
 mdl_I32x36 =  (-0.27098181260641496     ,  0.0000000000000000     )
 mdl_I32x63 =  (-0.27098181260641496     , -0.0000000000000000     )
 mdl_I32x66 =  ( 7.97990258540473008E-002,  0.0000000000000000     )
 mdl_conjg__te3x3 =  ( -25.401969909667969     , -0.0000000000000000     )
 mdl_I33x33 =  ( -6.8834718498954368     ,  0.0000000000000000     )
 mdl_I33x36 =  ( -23.374917913428295     ,  0.0000000000000000     )
 mdl_I33x63 =  (  2.0270524535653256     ,  0.0000000000000000     )
 mdl_I33x66 =  (  6.8834718498954368     ,  0.0000000000000000     )
 mdl_I34x33 =  ( 2.73395719560151976E-002, -0.0000000000000000     )
 mdl_I34x36 =  ( 9.28398145871445757E-002, -0.0000000000000000     )
 mdl_I34x63 =  (-8.05098758611298877E-003,  0.0000000000000000     )
 mdl_I34x66 =  (-2.73395719560151976E-002,  0.0000000000000000     )
 mdl_I35x33 =  ( -6.8834718498954368     ,  0.0000000000000000     )
 mdl_I35x36 =  (  2.0270524535653256     , -0.0000000000000000     )
 mdl_I35x63 =  ( -23.374917913428295     ,  0.0000000000000000     )
 mdl_I35x66 =  (  6.8834718498954368     , -0.0000000000000000     )
 mdl_I36x33 =  ( 8.12270581226123465E-004, -0.0000000000000000     )
 mdl_I36x36 =  ( 2.75831129605647258E-003, -0.0000000000000000     )
 mdl_I36x63 =  ( 2.75831129605647258E-003, -0.0000000000000000     )
 mdl_I36x66 =  ( 9.36668319867996028E-003, -0.0000000000000000     )
 mdl_I37x33 =  ( 2.73395719560151976E-002, -0.0000000000000000     )
 mdl_I37x36 =  (-8.05098758611298877E-003,  0.0000000000000000     )
 mdl_I37x63 =  ( 9.28398145871445757E-002, -0.0000000000000000     )
 mdl_I37x66 =  (-2.73395719560151976E-002,  0.0000000000000000     )
 mdl_I38x33 =  ( 9.36668319867996028E-003, -0.0000000000000000     )
 mdl_I38x36 =  (-2.75831129605647258E-003,  0.0000000000000000     )
 mdl_I38x63 =  (-2.75831129605647258E-003,  0.0000000000000000     )
 mdl_I38x66 =  ( 8.12270581226123465E-004,  0.0000000000000000     )
 mdl_I39x33 =  ( 0.28248721361160278     ,  0.0000000000000000     )
 mdl_I39x36 =  ( 0.95927107334136963     ,  0.0000000000000000     )
 mdl_I4x33 =  ( 0.13033456039923408     , -0.0000000000000000     )
 mdl_I4x36 =  (-4.78487628446373492E-002, -0.0000000000000000     )
 mdl_I40x33 =  ( -24.367374940232366     ,  0.0000000000000000     )
 mdl_I40x36 =  (  7.1757317000278817     ,  0.0000000000000000     )
 mdl_I41x33 =  ( 2.87542423899911533E-003, -0.0000000000000000     )
 mdl_I41x36 =  ( 9.76437574214926614E-003, -0.0000000000000000     )
 mdl_I42x33 =  ( 9.67816263485996586E-002,  0.0000000000000000     )
 mdl_I42x36 =  (-2.85003610718552736E-002,  0.0000000000000000     )
 mdl_I44x33 =  ( 0.10089080035686493     , -0.0000000000000000     )
 mdl_I45x33 =  ( 0.28248721361160278     , -0.0000000000000000     )
 mdl_I45x36 =  ( 0.95927107334136963     , -0.0000000000000000     )
 mdl_I46x33 =  ( 9.67816263485996586E-002, -0.0000000000000000     )
 mdl_I46x36 =  (-2.85003610718552736E-002,  0.0000000000000000     )
 mdl_I47x33 =  ( -24.367374940232366     ,  0.0000000000000000     )
 mdl_I47x36 =  (  7.1757317000278817     ,  0.0000000000000000     )
 mdl_I48x33 =  ( 2.87542423899911533E-003, -0.0000000000000000     )
 mdl_I48x36 =  ( 9.76437574214926614E-003, -0.0000000000000000     )
 mdl_I49x33 =  ( 0.74351877708142666     , -0.0000000000000000     )
 mdl_I49x36 =  (-0.49431890536336454     ,  0.0000000000000000     )
 mdl_I5x33 =  ( 0.88122889909414326     , -0.0000000000000000     )
 mdl_I5x36 =  (-0.32351904571923740     ,  0.0000000000000000     )
 mdl_I5x63 =  (-0.32351904571923740     , -0.0000000000000000     )
 mdl_I5x66 =  ( 0.11877115361363622     ,  0.0000000000000000     )
 mdl_conjg__Ru3x3 =  ( 0.55364501476287842     , -0.0000000000000000     )
 mdl_I50x33 =  ( 0.49431890536336454     , -0.0000000000000000     )
 mdl_conjg__Ru6x3 =  ( 0.83275282382965088     , -0.0000000000000000     )
 mdl_I50x36 =  ( 0.74351877708142666     , -0.0000000000000000     )
 mdl_I51x33 =  ( 0.30652280237178786     , -0.0000000000000000     )
 mdl_I51x36 =  ( 0.46104944944299575     , -0.0000000000000000     )
 mdl_I51x63 =  ( 0.46104944944299575     , -0.0000000000000000     )
 mdl_I51x66 =  ( 0.69347726559625755     , -0.0000000000000000     )
 mdl_I52x33 =  ( 0.69347726559625755     , -0.0000000000000000     )
 mdl_I52x36 =  (-0.46104944944299575     ,  0.0000000000000000     )
 mdl_I52x63 =  (-0.46104944944299575     , -0.0000000000000000     )
 mdl_I52x66 =  ( 0.30652280237178786     ,  0.0000000000000000     )
 mdl_I53x33 =  ( 0.51972757448623241     , -0.0000000000000000     )
 mdl_I53x36 =  ( 0.78173666110027540     , -0.0000000000000000     )
 mdl_I53x63 =  (-0.19080373907914350     ,  0.0000000000000000     )
 mdl_I53x66 =  (-0.28699319650419852     ,  0.0000000000000000     )
 mdl_conjg__tu3x3 =  ( -444.75250244140625     , -0.0000000000000000     )
 mdl_I54x33 =  ( -347.67933627453698     ,  0.0000000000000000     )
 mdl_I54x36 =  (  231.15013934055423     ,  0.0000000000000000     )
 mdl_I54x63 =  (  127.64094232890054     ,  0.0000000000000000     )
 mdl_I54x66 =  ( -84.860440430626213     , -0.0000000000000000     )
 mdl_I55x33 =  ( 0.69796927687139598     , -0.0000000000000000     )
 mdl_I55x36 =  (-0.46403590542077550     ,  0.0000000000000000     )
 mdl_I55x63 =  (-0.25624029650740826     ,  0.0000000000000000     )
 mdl_I55x66 =  ( 0.17035806866469269     ,  0.0000000000000000     )
 mdl_I56x33 =  ( -21.120772367246520     ,  0.0000000000000000     )
 mdl_I56x36 =  ( -31.768339570113817     ,  0.0000000000000000     )
 mdl_I56x63 =  ( -57.530569614003760     ,  0.0000000000000000     )
 mdl_I56x66 =  ( -86.533325551768684     ,  0.0000000000000000     )
 mdl_I57x33 =  ( 2.64912290115047119E-002, -0.0000000000000000     )
 mdl_I57x36 =  ( 3.98461923756270320E-002, -0.0000000000000000     )
 mdl_I57x63 =  ( 7.21590796163472242E-002, -0.0000000000000000     )
 mdl_I57x66 =  ( 0.10853647321505837     , -0.0000000000000000     )
 mdl_I58x33 =  ( 1.00185809387265227E-002, -0.0000000000000000     )
 mdl_I58x36 =  ( 1.50692254874970101E-002, -0.0000000000000000     )
 mdl_I58x63 =  (-3.67804749491253656E-003,  0.0000000000000000     )
 mdl_I58x66 =  (-5.53225325957248069E-003,  0.0000000000000000     )
 mdl_I59x33 =  ( 3.55764536351039704E-002, -0.0000000000000000     )
 mdl_I59x36 =  (-2.36525480723523626E-002,  0.0000000000000000     )
 mdl_I59x63 =  ( 9.69061929594838556E-002, -0.0000000000000000     )
 mdl_I59x66 =  (-6.44268372275647178E-002,  0.0000000000000000     )
 mdl_I6x33 =  ( 0.11877115361363622     , -0.0000000000000000     )
 mdl_I6x36 =  ( 0.32351904571923740     , -0.0000000000000000     )
 mdl_I6x63 =  ( 0.32351904571923740     , -0.0000000000000000     )
 mdl_I6x66 =  ( 0.88122889909414326     , -0.0000000000000000     )
 mdl_I60x33 =  ( 0.41431190510247401     , -0.0000000000000000     )
 mdl_I60x36 =  ( 0.62317802873759554     , -0.0000000000000000     )
 mdl_I60x63 =  (-0.15210326432400867     ,  0.0000000000000000     )
 mdl_I60x66 =  (-0.22878273894288625     ,  0.0000000000000000     )
 mdl_I61x33 =  ( 0.49431890536336454     , -0.0000000000000000     )
 mdl_I61x36 =  ( 0.74351877708142666     , -0.0000000000000000     )
 mdl_I62x33 =  ( 0.74351877708142666     ,  0.0000000000000000     )
 mdl_I62x36 =  (-0.49431890536336454     ,  0.0000000000000000     )
 mdl_I63x33 =  ( 0.55364501476287842     ,  0.0000000000000000     )
 mdl_I63x36 =  ( 0.83275282382965088     ,  0.0000000000000000     )
 mdl_I64x33 =  ( 7.68681837575400095E-002, -0.0000000000000000     )
 mdl_I64x36 =  ( 0.11561956737597257     , -0.0000000000000000     )
 mdl_I65x33 =  ( 0.74351877708142666     ,  0.0000000000000000     )
 mdl_I65x36 =  (-0.49431890536336454     ,  0.0000000000000000     )
 mdl_I66x33 =  ( 0.51972757448623241     , -0.0000000000000000     )
 mdl_I66x36 =  ( 0.78173666110027540     , -0.0000000000000000     )
 mdl_I66x63 =  (-0.19080373907914350     , -0.0000000000000000     )
 mdl_I66x66 =  (-0.28699319650419852     , -0.0000000000000000     )
 mdl_I67x33 =  ( 2.64912290115047119E-002, -0.0000000000000000     )
 mdl_I67x36 =  ( 3.98461923756270320E-002, -0.0000000000000000     )
 mdl_I67x63 =  ( 7.21590796163472242E-002, -0.0000000000000000     )
 mdl_I67x66 =  ( 0.10853647321505837     , -0.0000000000000000     )
 mdl_I68x33 =  ( -21.120772367246520     ,  0.0000000000000000     )
 mdl_I68x36 =  ( -31.768339570113817     ,  0.0000000000000000     )
 mdl_I68x63 =  ( -57.530569614003760     ,  0.0000000000000000     )
 mdl_I68x66 =  ( -86.533325551768684     ,  0.0000000000000000     )
 mdl_I69x33 =  ( -347.67933627453698     ,  0.0000000000000000     )
 mdl_I69x36 =  (  231.15013934055423     , -0.0000000000000000     )
 mdl_I69x63 =  (  127.64094232890054     ,  0.0000000000000000     )
 mdl_I69x66 =  ( -84.860440430626213     , -0.0000000000000000     )
 mdl_I7x33 =  ( 0.93873792886734009     ,  0.0000000000000000     )
 mdl_I7x36 =  (-0.34463191032409668     ,  0.0000000000000000     )
 mdl_I70x33 =  ( 1.00185809387265227E-002, -0.0000000000000000     )
 mdl_I70x36 =  ( 1.50692254874970101E-002, -0.0000000000000000     )
 mdl_I70x63 =  (-3.67804749491253656E-003,  0.0000000000000000     )
 mdl_I70x66 =  (-5.53225325957248069E-003,  0.0000000000000000     )
 mdl_I71x33 =  ( 0.41431190510247401     , -0.0000000000000000     )
 mdl_I71x36 =  ( 0.62317802873759554     , -0.0000000000000000     )
 mdl_I71x63 =  (-0.15210326432400867     ,  0.0000000000000000     )
 mdl_I71x66 =  (-0.22878273894288625     ,  0.0000000000000000     )
 mdl_I72x33 =  ( 0.69796927687139598     , -0.0000000000000000     )
 mdl_I72x36 =  (-0.46403590542077550     ,  0.0000000000000000     )
 mdl_I72x63 =  (-0.25624029650740826     , -0.0000000000000000     )
 mdl_I72x66 =  ( 0.17035806866469269     ,  0.0000000000000000     )
 mdl_I73x33 =  ( 3.55764536351039704E-002, -0.0000000000000000     )
 mdl_I73x36 =  (-2.36525480723523661E-002,  0.0000000000000000     )
 mdl_I73x63 =  ( 9.69061929594838556E-002, -0.0000000000000000     )
 mdl_I73x66 =  (-6.44268372275647039E-002,  0.0000000000000000     )
 mdl_I74x33 =  ( 0.30652280237178786     , -0.0000000000000000     )
 mdl_I74x36 =  ( 0.46104944944299575     , -0.0000000000000000     )
 mdl_I74x63 =  ( 0.46104944944299575     , -0.0000000000000000     )
 mdl_I74x66 =  ( 0.69347726559625755     , -0.0000000000000000     )
 mdl_I75x33 =  ( 0.69347726559625755     , -0.0000000000000000     )
 mdl_I75x36 =  (-0.46104944944299575     ,  0.0000000000000000     )
 mdl_I75x63 =  (-0.46104944944299575     , -0.0000000000000000     )
 mdl_I75x66 =  ( 0.30652280237178786     ,  0.0000000000000000     )
 mdl_I76x33 =  ( 0.41164546431372379     , -0.0000000000000000     )
 mdl_I76x36 =  ( 0.61916736118492677     , -0.0000000000000000     )
 mdl_I76x63 =  (-0.27367719765746984     ,  0.0000000000000000     )
 mdl_I76x66 =  (-0.41164546431372379     ,  0.0000000000000000     )
 mdl_I77x33 =  ( -205.05289638900499     ,  0.0000000000000000     )
 mdl_I77x36 =  ( -308.42574926015925     ,  0.0000000000000000     )
 mdl_I77x63 =  (  136.32678341020528     ,  0.0000000000000000     )
 mdl_I77x66 =  (  205.05289638900499     ,  0.0000000000000000     )
 mdl_I78x33 =  ( -205.05289638900499     ,  0.0000000000000000     )
 mdl_I78x36 =  (  136.32678341020528     , -0.0000000000000000     )
 mdl_I78x63 =  ( -308.42574926015925     ,  0.0000000000000000     )
 mdl_I78x66 =  (  205.05289638900499     , -0.0000000000000000     )
 mdl_I79x33 =  ( 0.41164546431372379     , -0.0000000000000000     )
 mdl_I79x36 =  (-0.27367719765746984     ,  0.0000000000000000     )
 mdl_I79x63 =  ( 0.61916736118492677     , -0.0000000000000000     )
 mdl_I79x66 =  (-0.41164546431372379     ,  0.0000000000000000     )
 mdl_I8x33 =  ( 0.83814699500097234     , -0.0000000000000000     )
 mdl_I8x36 =  (-0.30770270502237906     ,  0.0000000000000000     )
 mdl_I80x33 =  ( 0.24435118019963492     , -0.0000000000000000     )
 mdl_I80x36 =  ( 0.36753538800399826     , -0.0000000000000000     )
 mdl_I80x63 =  ( 0.36753538800399826     , -0.0000000000000000     )
 mdl_I80x66 =  ( 0.55282017187266019     , -0.0000000000000000     )
 mdl_I81x33 =  ( 0.55282017187266019     , -0.0000000000000000     )
 mdl_I81x36 =  (-0.36753538800399826     ,  0.0000000000000000     )
 mdl_I81x63 =  (-0.36753538800399826     ,  0.0000000000000000     )
 mdl_I81x66 =  ( 0.24435118019963492     ,  0.0000000000000000     )
 mdl_I82x33 =  ( 0.93873792886734009     , -0.0000000000000000     )
 mdl_I82x36 =  (-0.34463191032409668     , -0.0000000000000000     )
 mdl_I83x33 =  ( 4.78487628446373492E-002, -0.0000000000000000     )
 mdl_I83x36 =  ( 0.13033456039923408     , -0.0000000000000000     )
 mdl_I84x33 =  ( 0.83814699500097234     , -0.0000000000000000     )
 mdl_I84x36 =  (-0.30770270502237906     , -0.0000000000000000     )
 mdl_I85x33 =  ( 0.28248721361160278     , -0.0000000000000000     )
 mdl_I85x36 =  ( 0.95927107334136963     , -0.0000000000000000     )
 mdl_I86x33 =  ( 9.67816263485996586E-002, -0.0000000000000000     )
 mdl_I86x36 =  (-2.85003610718552736E-002,  0.0000000000000000     )
 mdl_I88x33 =  ( 0.10089080035686493     ,  0.0000000000000000     )
 mdl_I89x33 =  ( 0.55364501476287842     , -0.0000000000000000     )
 mdl_I89x36 =  ( 0.83275282382965088     , -0.0000000000000000     )
 mdl_I9x33 =  ( 4.78487628446373492E-002,  0.0000000000000000     )
 mdl_I9x36 =  ( 0.13033456039923408     ,  0.0000000000000000     )
 mdl_I90x33 =  ( 0.74351877708142666     , -0.0000000000000000     )
 mdl_I90x36 =  (-0.49431890536336454     ,  0.0000000000000000     )
 mdl_I91x33 =  ( 7.68681837575400095E-002, -0.0000000000000000     )
 mdl_I91x36 =  ( 0.11561956737597257     , -0.0000000000000000     )
 mdl_I92x33 =  ( 0.51972757448623241     , -0.0000000000000000     )
 mdl_I92x36 =  ( 0.78173666110027540     , -0.0000000000000000     )
 mdl_I92x63 =  (-0.19080373907914350     , -0.0000000000000000     )
 mdl_I92x66 =  (-0.28699319650419852     , -0.0000000000000000     )
 mdl_I93x33 =  ( 0.28248721361160278     , -0.0000000000000000     )
 mdl_I93x36 =  ( 0.95927107334136963     , -0.0000000000000000     )
 mdl_I94x33 =  ( 0.51972757448623241     , -0.0000000000000000     )
 mdl_I94x36 =  ( 0.78173666110027540     , -0.0000000000000000     )
 mdl_I94x63 =  (-0.19080373907914350     ,  0.0000000000000000     )
 mdl_I94x66 =  (-0.28699319650419852     ,  0.0000000000000000     )
 mdl_I95x33 =  ( 0.28248721361160278     ,  0.0000000000000000     )
 mdl_I95x36 =  ( 0.95927107334136963     ,  0.0000000000000000     )
 mdl_I96x33 =  ( 0.88122889909414326     , -0.0000000000000000     )
 mdl_I96x36 =  (-0.32351904571923740     ,  0.0000000000000000     )
 mdl_I96x63 =  (-0.32351904571923740     , -0.0000000000000000     )
 mdl_I96x66 =  ( 0.11877115361363622     ,  0.0000000000000000     )
 mdl_I97x33 =  ( 7.97990258540473008E-002, -0.0000000000000000     )
 mdl_I97x36 =  ( 0.27098181260641496     , -0.0000000000000000     )
 mdl_I97x63 =  ( 0.27098181260641496     , -0.0000000000000000     )
 mdl_I97x66 =  ( 0.92020099214950335     , -0.0000000000000000     )
 mdl_I98x33 =  ( 0.30652280237178786     , -0.0000000000000000     )
 mdl_I98x36 =  ( 0.46104944944299575     , -0.0000000000000000     )
 mdl_I98x63 =  ( 0.46104944944299575     , -0.0000000000000000     )
 mdl_I98x66 =  ( 0.69347726559625755     , -0.0000000000000000     )
 mdl_I99x33 =  ( 0.10089080035686493     ,  0.0000000000000000     )
 mdl_complexi =  (  0.0000000000000000     ,  1.0000000000000000     )
 mdl_sqrt__2 =    1.4142135623730951     
 mdl_sw__exp__2 =   0.23360983352614120     
 mdl_conjg__NN1x1 =  ( 0.98636442422866821     , -0.0000000000000000     )
 mdl_conjg__NN1x2 =  (-5.31103610992431641E-002, -0.0000000000000000     )
 mdl_conjg__NN1x3 =  ( 0.14643399417400360     , -0.0000000000000000     )
 mdl_conjg__NN1x4 =  (-5.31186088919639587E-002, -0.0000000000000000     )
 mdl_conjg__NN2x1 =  ( 9.93505418300628662E-002, -0.0000000000000000     )
 mdl_conjg__NN2x2 =  ( 0.94494932889938354     , -0.0000000000000000     )
 mdl_conjg__NN2x3 =  (-0.26984670758247375     , -0.0000000000000000     )
 mdl_conjg__NN2x4 =  ( 0.15615069866180420     , -0.0000000000000000     )
 mdl_conjg__NN3x1 =  (-6.03387989103794098E-002, -0.0000000000000000     )
 mdl_conjg__NN3x2 =  ( 8.77004936337471008E-002, -0.0000000000000000     )
 mdl_conjg__NN3x3 =  ( 0.69587749242782593     , -0.0000000000000000     )
 mdl_conjg__NN3x4 =  ( 0.71022701263427734     , -0.0000000000000000     )
 mdl_conjg__NN4x1 =  (-0.11650709807872772     , -0.0000000000000000     )
 mdl_conjg__NN4x2 =  ( 0.31073901057243347     , -0.0000000000000000     )
 mdl_conjg__NN4x3 =  ( 0.64922600984573364     , -0.0000000000000000     )
 mdl_conjg__NN4x4 =  (-0.68437778949737549     , -0.0000000000000000     )
 mdl_conjg__UU1x1 =  ( 0.91683489084243774     , -0.0000000000000000     )
 mdl_conjg__UU1x2 =  (-0.39926660060882568     , -0.0000000000000000     )
 mdl_conjg__UU2x1 =  ( 0.39926660060882568     , -0.0000000000000000     )
 mdl_conjg__UU2x2 =  ( 0.91683489084243774     , -0.0000000000000000     )
 mdl_conjg__VV1x1 =  ( 0.97255778312683105     , -0.0000000000000000     )
 mdl_conjg__VV1x2 =  (-0.23266120254993439     , -0.0000000000000000     )
 mdl_conjg__VV2x1 =  ( 0.23266120254993439     , -0.0000000000000000     )
 mdl_conjg__VV2x2 =  ( 0.97255778312683105     , -0.0000000000000000     )
 mdl_cos__alp =   0.99352890294758078     
 mdl_sin__alp =  -0.11357957126075406     
 mdl_conjg__MUH =  (  357.68099975585938     , -0.0000000000000000     )
 mdl_ee =   0.31340934791180236     
 mdl_gp =   0.35800326214514872     
 mdl_gw =   0.64843490671084214     
 mdl_vev =    246.22058184589355     
 mdl_vd =    25.125115963753686     
 mdl_vu =    244.93530466704527     
 mdl_ee__exp__2 =   9.82254193585011814E-002
  Internal Params evaluated point by point
  ----------------------------------------
  
 mdl_sqrt__aS =   0.34351128178744839     
 mdl_G__exp__2 =  (  1.4828317414825511     ,  0.0000000000000000     )
  Couplings of mssm
  ---------------------------------
  
         GC_7 =   0.00000E+00   0.12177E+01
       GC_405 =   0.00000E+00   0.45851E+00

 Collider parameters:
 --------------------

 Running at P P   machine @    13000.000000000000       GeV
 PDF set = nn23lo1
 alpha_s(Mz)= 0.1300 running at 2 loops.
 alpha_s(Mz)= 0.1300 running at 2 loops.
 Renormalization scale set on event-by-event basis
 Factorization   scale set on event-by-event basis


 getting user params
Enter number of events and max and min iterations: 
 Number of events and iterations         2000           9           3
Enter desired fractional accuracy: 
 Desired fractional accuracy:   -42.893999999999998     
Enter 0 for fixed, 2 for adjustable grid: 
Suppress amplitude (0 no, 1 yes)? 
 Using suppressed amplitude.
Exact helicity sum (0 yes, n = number/event)? 
 Explicitly summing over helicities
Enter Configuration Number: 
Running Configuration Number:    1
 Not subdividing B.W.
 Attempting mappinvarients           1           5
 Completed mapping           5
 about to integrate            7        2000           9           3           7           1
 Using non-zero grid deformation.
  7 dimensions   2000 events  7 invarients  9 iterations  1 config(s),  (0.99)
 Using h-tuple random number sequence.
 Error opening grid
 Using Uniform Grid!
 Using uniform alpha   1.0000000000000000     
 Grid defined OK
 Set CM energy to      13000.00
 Mapping Graph           1  to config           1
 Setting BW          -1           1   79.829010009765625     
Setting grid   2    0.14667E-04   1
 Transforming s_hat 1/s            6  2.88176382807897760E-005
 Masses: 0.000E+00 0.000E+00 0.000E+00 0.000E+00 0.000E+00
   1   1   2   3   4   5   6   7
 Got moffset          18
Using random seed offsets     1 :      1
  with seed                   45
 Ranmar initialization seeds       26577        6084
  Particle       3       4       5
      Et >    10.0     0.0    20.0
       E >     0.0     0.0     0.0
     Eta <     2.5    -1.0     5.0
   xqcut:      0.0     0.0     0.0
d R # 3  >    -0.0     0.0     0.4
d R # 4  >    -0.0    -0.0     0.0
s min # 3>     0.0     0.0     0.0
s min # 4>     0.0     0.0     0.0
xqcutij # 3>     0.0     0.0     0.0
xqcutij # 4>     0.0     0.0     0.0
 No cut BW           -1           1
 alpha_s for scale    85.875444111706798       is   0.13131588808658778     
 Added good helicity            3   6.5317335018989162       in event            1
 Added good helicity           19   25.468266498101084       in event            1
 Added good helicity            3   31.871255741638151       in event            1
 Added good helicity           19  0.12874425836184614       in event            1
 Added good helicity           12   31.226163994128527       in event            1
 Added good helicity           28  0.77383600587147550       in event            1
 Added good helicity           12   30.972933159810186       in event            1
 Added good helicity           28   1.0270668401898142       in event            1
 Iteration  1   Mean: 0.1984E+03 Abs mean: 0.1984E+03   Fluctuation:  0.166E+02   0.115E+05    21.4%
  1    0.1984E+03 0.1984E+03 +- 0.1658E+02      3.74
 Writing out events  5.15736813362014587E-002   3.7373247536104790     
 Relative summed weights:
  0.3457E+00  0.3321E+00  0.1214E+00  0.2009E+00
 Relative number of events:
  0.3595E+00  0.3460E+00  0.1460E+00  0.1485E+00
 Events:
         719         692         292         297
 Iteration  2   Mean: 0.1887E+03 Abs mean: 0.1887E+03   Fluctuation:  0.564E+01   0.323E+04    42.7%
  2    0.1887E+03 0.1887E+03 +- 0.5642E+01      1.89
 Relative summed weights:
  0.3184E+00  0.3439E+00  0.1716E+00  0.1661E+00
 Relative number of events:
  0.3063E+00  0.3438E+00  0.1653E+00  0.1847E+00
 Events:
        1225        1375         661         739
 Iteration  3   Mean: 0.1909E+03 Abs mean: 0.1909E+03   Fluctuation:  0.337E+01   0.247E+04    51.5%
  3    0.1909E+03 0.1909E+03 +- 0.3372E+01      1.58
 Relative summed weights:
  0.3332E+00  0.3354E+00  0.1714E+00  0.1601E+00
 Relative number of events:
  0.3209E+00  0.3230E+00  0.1806E+00  0.1755E+00
 Events:
        2567        2584        1445        1404
 Found         1510  events.
 Wrote         1072  events.
 Actual xsec    190.57169579669721     
 Correct abs xsec    190.57169579669721     
 Event xsec    190.57169579669704     
 Events wgts > 1:           48
 % Cross section > 1:    1.8743215590873787       0.98352567586265038     
 Checking number of events   8174.3823195035302             1072  chi2:   0.16959766878255012     
 Found         1510  events.
 Wrote         1053  events.
 Actual xsec    190.57169579669721     
 Correct abs xsec    190.57169579669721     
 Event xsec    190.57169579670079     
 Events wgts > 1:           48
 % Cross section > 1:    1.9078026595352737        1.0010944445656247     
 Iteration  4   Mean: 0.1866E+03 Abs mean: 0.1866E+03   Fluctuation:  0.207E+01   0.255E+04    53.9%
  4    0.1866E+03 0.1866E+03 +- 0.2066E+01      1.40
 Relative summed weights:
  0.3365E+00  0.3413E+00  0.1651E+00  0.1571E+00
 Relative number of events:
  0.3200E+00  0.3168E+00  0.1844E+00  0.1787E+00
 Events:
        5120        5069        2951        2860
 Found         2864  events.
 Wrote         2817  events.
 Actual xsec    187.88953238136580     
 Correct abs xsec    187.88953238136580     
 Event xsec    187.88953238135258     
 Events wgts > 1:          127
 % Cross section > 1:    1.8633785310510063       0.99174153420584088     
 Checking number of events   8059.3336019663038             2817  chi2:   0.59528441599295967     
 Found         2864  events.
 Wrote         2824  events.
 Actual xsec    187.88953238136580     
 Correct abs xsec    187.88953238136580     
 Event xsec    187.88953238135525     
 Events wgts > 1:          127
 % Cross section > 1:    1.8588053696122253       0.98930757134434133     
 Iteration  5   Mean: 0.1905E+03 Abs mean: 0.1905E+03   Fluctuation:  0.145E+01   0.397E+04    53.7%
  5    0.1905E+03 0.1905E+03 +- 0.1447E+01      1.36
 Relative summed weights:
  0.3313E+00  0.3371E+00  0.1695E+00  0.1622E+00
 Relative number of events:
  0.3175E+00  0.3167E+00  0.1832E+00  0.1827E+00
 Events:
       10160       10133        5862        5845
 Found         5987  events.
 Wrote         5983  events.
 Actual xsec    189.41598280240999     
 Correct abs xsec    189.41598280240999     
 Event xsec    189.41598280238793     
 Events wgts > 1:          224
 % Cross section > 1:    1.8100060330614078       0.95557196720285920     
 Checking number of events   8124.8091663265732             5983  chi2:    1.2837044518914216     
 Found         5987  events.
 Wrote         5983  events.
 Actual xsec    189.41598280240999     
 Correct abs xsec    189.41598280240999     
 Event xsec    189.41598280238793     
 Events wgts > 1:          224
 % Cross section > 1:    1.8100060330614078       0.95557196720285920     
 Iteration  6   Mean: 0.1891E+03 Abs mean: 0.1891E+03   Fluctuation:  0.985E+00   0.411E+04    52.8%
  6    0.1891E+03 0.1891E+03 +- 0.9854E+00      1.32
 Relative summed weights:
  0.3361E+00  0.3341E+00  0.1640E+00  0.1659E+00
 Relative number of events:
  0.3164E+00  0.3184E+00  0.1815E+00  0.1838E+00
 Events:
       20251       20375       11613       11761
 Found        12117  events.
 Wrote        12113  events.
 Actual xsec    189.13427657996243     
 Correct abs xsec    189.13427657996243     
 Event xsec    189.13427657993748     
 Events wgts > 1:          291
 % Cross section > 1:   0.85005934462096733       0.44944753536606585     
 Checking number of events   8112.7256596209081            12113  chi2:    1.1771862246594726     

 -------------------------------------------------------------------------------
 Accumulated results:   Integral =  0.1892E+03
                        Std dev  =  0.7323E+00
                       Cross sec =  0.5851E+00
             Chi**2 per DoF.     =
-------------------------------------------------
---------------------------
 Results Last   3 iters: Integral =   0.1891E+03
                     Abs integral =   0.1891E+03
                          Std dev =   0.7577E+00
                  Chi**2 per DoF. =      1.1772
-------------------------------------------------
---------------------------
 Status  -42.893999999999998                7           9
 We found enough events       12113   8112.7256596209081     

ls status:
events.lhe
ftn25
ftn26
input_sg.txt
moffset.dat
results.dat
run1_app.log
