 -------------------------------------- 
 |       PGS 4 - release 120611       | 
 -------------------------------------- 
 Now at event number          10  of       10002   (Triggered on:          10 )
 Now at event number          20  of       10002   (Triggered on:          20 )
 Now at event number          30  of       10002   (Triggered on:          30 )
 Now at event number          40  of       10002   (Triggered on:          40 )
 Now at event number          50  of       10002   (Triggered on:          50 )
 Now at event number          60  of       10002   (Triggered on:          60 )
 Now at event number          70  of       10002   (Triggered on:          70 )
 Now at event number          80  of       10002   (Triggered on:          80 )
 Now at event number          90  of       10002   (Triggered on:          90 )
 now working on event         100
 Now at event number         100  of       10002   (Triggered on:         100 )
 now working on event         200
 Now at event number         200  of       10002   (Triggered on:         200 )
 now working on event         300
 Now at event number         300  of       10002   (Triggered on:         300 )
 now working on event         400
 Now at event number         400  of       10002   (Triggered on:         400 )
 now working on event         500
 Now at event number         500  of       10002   (Triggered on:         500 )
 now working on event         600
 Now at event number         600  of       10002   (Triggered on:         600 )
 now working on event         700
 Now at event number         700  of       10002   (Triggered on:         700 )
 now working on event         800
 Now at event number         800  of       10002   (Triggered on:         800 )
 now working on event         900
 Now at event number         900  of       10002   (Triggered on:         900 )
 now working on event        1000
 Now at event number        1000  of       10002   (Triggered on:        1000 )
 now working on event        1100
 now working on event        1200
 now working on event        1300
 now working on event        1400
 now working on event        1500
 now working on event        1600
 now working on event        1700
 now working on event        1800
 now working on event        1900
 now working on event        2000
 Now at event number        2000  of       10002   (Triggered on:        2000 )
 now working on event        2100
 now working on event        2200
 now working on event        2300
 now working on event        2400
 now working on event        2500
 now working on event        2600
 now working on event        2700
 now working on event        2800
 now working on event        2900
 now working on event        3000
 Now at event number        3000  of       10002   (Triggered on:        3000 )
 now working on event        3100
 now working on event        3200
 now working on event        3300
 now working on event        3400
 now working on event        3500
 now working on event        3600
 now working on event        3700
 now working on event        3800
 now working on event        3900
 now working on event        4000
 Now at event number        4000  of       10002   (Triggered on:        4000 )
 now working on event        4100
 now working on event        4200
 now working on event        4300
 now working on event        4400
 now working on event        4500
 now working on event        4600
 now working on event        4700
 now working on event        4800
 now working on event        4900
 now working on event        5000
 Now at event number        5000  of       10002   (Triggered on:        5000 )
 now working on event        5100
 now working on event        5200
 now working on event        5300
 now working on event        5400
 now working on event        5500
 now working on event        5600
 now working on event        5700
 now working on event        5800
 now working on event        5900
 now working on event        6000
 Now at event number        6000  of       10002   (Triggered on:        6000 )
 now working on event        6100
 now working on event        6200
 now working on event        6300
 now working on event        6400
 now working on event        6500
 now working on event        6600
 now working on event        6700
 now working on event        6800
 now working on event        6900
 now working on event        7000
 Now at event number        7000  of       10002   (Triggered on:        7000 )
 now working on event        7100
 now working on event        7200
 now working on event        7300
 now working on event        7400
 now working on event        7500
 now working on event        7600
 now working on event        7700
 now working on event        7800
 now working on event        7900
 now working on event        8000
 Now at event number        8000  of       10002   (Triggered on:        8000 )
 now working on event        8100
 now working on event        8200
 now working on event        8300
 now working on event        8400
 now working on event        8500
 now working on event        8600
 now working on event        8700
 now working on event        8800
 now working on event        8900
 now working on event        9000
 Now at event number        9000  of       10002   (Triggered on:        9000 )
 now working on event        9100
 now working on event        9200
 now working on event        9300
 now working on event        9400
 now working on event        9500
 now working on event        9600
 now working on event        9700
 now working on event        9800
 now working on event        9900
 now working on event       10000
 Now at event number       10000  of       10002   (Triggered on:       10000 )
 I will merge non-isolated muons with jets...
 Thank you for using the olympics output cleaner.
